[0.013s] Invoking command in '/home/trish/ros2ws/build/nxp_cup_interfaces': CMAKE_PREFIX_PATH=${CMAKE_PREFIX_PATH}:/opt/ros/foxy /usr/bin/cmake /home/trish/ros2ws/src/nxp_cup_interfaces -DAMENT_CMAKE_SYMLINK_INSTALL=1 -DCMAKE_INSTALL_PREFIX=/home/trish/ros2ws/install/nxp_cup_interfaces
[0.059s] -- The C compiler identification is GNU 9.4.0
[0.103s] -- The CXX compiler identification is GNU 9.4.0
[0.107s] -- Check for working C compiler: /usr/bin/cc
[0.163s] -- Check for working C compiler: /usr/bin/cc -- works
[0.164s] -- Detecting C compiler ABI info
[0.223s] -- Detecting C compiler ABI info - done
[0.234s] -- Detecting C compile features
[0.234s] -- Detecting C compile features - done
[0.236s] -- Check for working CXX compiler: /usr/bin/c++
[0.302s] -- Check for working CXX compiler: /usr/bin/c++ -- works
[0.303s] -- Detecting CXX compiler ABI info
[0.372s] -- Detecting CXX compiler ABI info - done
[0.383s] -- Detecting CXX compile features
[0.384s] -- Detecting CXX compile features - done
[0.386s] -- Found ament_cmake: 0.9.9 (/opt/ros/foxy/share/ament_cmake/cmake)
[0.414s] -- Found PythonInterp: /usr/bin/python3 (found suitable version "3.8.10", minimum required is "3") 
[0.414s] -- Using PYTHON_EXECUTABLE: /usr/bin/python3
[0.589s] -- Override CMake install command with custom implementation using symlinks instead of copying resources
[0.618s] -- Found rosidl_default_generators: 1.0.1 (/opt/ros/foxy/share/rosidl_default_generators/cmake)
[0.622s] -- Using all available rosidl_typesupport_c: rosidl_typesupport_fastrtps_c;rosidl_typesupport_introspection_c
[0.629s] -- Found rosidl_adapter: 1.2.1 (/opt/ros/foxy/share/rosidl_adapter/cmake)
[0.714s] -- Found OpenSSL: /usr/lib/x86_64-linux-gnu/libcrypto.so (found version "1.1.1f")  
[0.738s] -- Found FastRTPS: /opt/ros/foxy/include  
[0.814s] -- Using all available rosidl_typesupport_cpp: rosidl_typesupport_fastrtps_cpp;rosidl_typesupport_introspection_cpp
[0.856s] -- Found PythonInterp: /usr/bin/python3 (found version "3.8.10") 
[0.958s] -- Found ament_cmake_ros: 0.9.2 (/opt/ros/foxy/share/ament_cmake_ros/cmake)
[1.043s] -- Using all available rosidl_typesupport_c: rosidl_typesupport_fastrtps_c;rosidl_typesupport_introspection_c
[1.050s] -- Using all available rosidl_typesupport_cpp: rosidl_typesupport_fastrtps_cpp;rosidl_typesupport_introspection_cpp
[1.069s] -- Found PythonInterp: /usr/bin/python3 (found suitable version "3.8.10", minimum required is "3.5") 
[1.071s] -- Found python_cmake_module: 0.8.1 (/opt/ros/foxy/share/python_cmake_module/cmake)
[1.094s] -- Found PythonLibs: /usr/lib/x86_64-linux-gnu/libpython3.8.so (found suitable version "3.8.10", minimum required is "3.5") 
[1.094s] -- Using PYTHON_EXECUTABLE: /usr/bin/python3
[1.094s] -- Using PYTHON_INCLUDE_DIRS: /usr/include/python3.8
[1.094s] -- Using PYTHON_LIBRARIES: /usr/lib/x86_64-linux-gnu/libpython3.8.so
[1.112s] -- Found PythonExtra: .so  
[1.366s] -- Configuring done
[1.390s] -- Generating done
[1.392s] -- Build files have been written to: /home/trish/ros2ws/build/nxp_cup_interfaces
[1.400s] Invoked command in '/home/trish/ros2ws/build/nxp_cup_interfaces' returned '0': CMAKE_PREFIX_PATH=${CMAKE_PREFIX_PATH}:/opt/ros/foxy /usr/bin/cmake /home/trish/ros2ws/src/nxp_cup_interfaces -DAMENT_CMAKE_SYMLINK_INSTALL=1 -DCMAKE_INSTALL_PREFIX=/home/trish/ros2ws/install/nxp_cup_interfaces
[1.403s] Invoking command in '/home/trish/ros2ws/build/nxp_cup_interfaces': CMAKE_PREFIX_PATH=${CMAKE_PREFIX_PATH}:/opt/ros/foxy /usr/bin/cmake --build /home/trish/ros2ws/build/nxp_cup_interfaces -- -j8 -l8
[1.438s] [  3%] Generating C code for ROS interfaces
[1.438s] Scanning dependencies of target nxp_cup_interfaces__cpp
[1.448s] [  6%] Generating C++ code for ROS interfaces
[1.701s] Scanning dependencies of target nxp_cup_interfaces__rosidl_generator_c
[1.703s] [  6%] Built target nxp_cup_interfaces__cpp
[1.710s] [  9%] Building C object CMakeFiles/nxp_cup_interfaces__rosidl_generator_c.dir/rosidl_generator_c/nxp_cup_interfaces/msg/detail/pixy_vector__functions.c.o
[1.711s] [ 19%] Generating C++ type support dispatch for ROS interfaces
[1.711s] [ 19%] Generating C++ introspection for ROS interfaces
[1.711s] [ 19%] Generating C++ type support for eProsima Fast-RTPS
[1.757s] [ 22%] Linking C shared library libnxp_cup_interfaces__rosidl_generator_c.so
[1.789s] [ 22%] Built target nxp_cup_interfaces__rosidl_generator_c
[1.801s] [ 29%] Generating C type support dispatch for ROS interfaces
[1.801s] [ 29%] Generating C introspection for ROS interfaces
[2.657s] Scanning dependencies of target nxp_cup_interfaces__rosidl_typesupport_c
[2.689s] [ 32%] Building CXX object CMakeFiles/nxp_cup_interfaces__rosidl_typesupport_c.dir/rosidl_typesupport_c/nxp_cup_interfaces/msg/pixy_vector__type_support.cpp.o
[3.030s] Scanning dependencies of target nxp_cup_interfaces__rosidl_typesupport_introspection_cpp
[3.031s] Scanning dependencies of target nxp_cup_interfaces__rosidl_typesupport_cpp
[3.039s] Scanning dependencies of target nxp_cup_interfaces__rosidl_typesupport_introspection_c
[3.049s] [ 35%] Building CXX object CMakeFiles/nxp_cup_interfaces__rosidl_typesupport_cpp.dir/rosidl_typesupport_cpp/nxp_cup_interfaces/msg/pixy_vector__type_support.cpp.o
[3.049s] [ 38%] Building CXX object CMakeFiles/nxp_cup_interfaces__rosidl_typesupport_introspection_cpp.dir/rosidl_typesupport_introspection_cpp/nxp_cup_interfaces/msg/detail/pixy_vector__type_support.cpp.o
[3.051s] [ 41%] Building C object CMakeFiles/nxp_cup_interfaces__rosidl_typesupport_introspection_c.dir/rosidl_typesupport_introspection_c/nxp_cup_interfaces/msg/detail/pixy_vector__type_support.c.o
[3.076s] Scanning dependencies of target nxp_cup_interfaces__rosidl_typesupport_fastrtps_cpp
[3.087s] [ 45%] Building CXX object CMakeFiles/nxp_cup_interfaces__rosidl_typesupport_fastrtps_cpp.dir/rosidl_typesupport_fastrtps_cpp/nxp_cup_interfaces/msg/detail/dds_fastrtps/pixy_vector__type_support.cpp.o
[3.089s] [ 48%] Linking C shared library libnxp_cup_interfaces__rosidl_typesupport_introspection_c.so
[3.103s] [ 51%] Linking CXX shared library libnxp_cup_interfaces__rosidl_typesupport_c.so
[3.129s] [ 51%] Built target nxp_cup_interfaces__rosidl_typesupport_introspection_c
[3.530s] [ 51%] Built target nxp_cup_interfaces__rosidl_typesupport_c
[3.758s] [ 54%] Linking CXX shared library libnxp_cup_interfaces__rosidl_typesupport_cpp.so
[3.759s] [ 58%] Linking CXX shared library libnxp_cup_interfaces__rosidl_typesupport_introspection_cpp.so
[3.794s] [ 58%] Built target nxp_cup_interfaces__rosidl_typesupport_cpp
[3.794s] [ 58%] Built target nxp_cup_interfaces__rosidl_typesupport_introspection_cpp
[3.886s] [ 61%] Linking CXX shared library libnxp_cup_interfaces__rosidl_typesupport_fastrtps_cpp.so
[3.976s] [ 61%] Built target nxp_cup_interfaces__rosidl_typesupport_fastrtps_cpp
[3.985s] [ 64%] Generating C type support for eProsima Fast-RTPS
[4.230s] Scanning dependencies of target nxp_cup_interfaces__rosidl_typesupport_fastrtps_c
[4.240s] [ 67%] Building CXX object CMakeFiles/nxp_cup_interfaces__rosidl_typesupport_fastrtps_c.dir/rosidl_typesupport_fastrtps_c/nxp_cup_interfaces/msg/detail/pixy_vector__type_support_c.cpp.o
[4.525s] [ 70%] Linking CXX shared library libnxp_cup_interfaces__rosidl_typesupport_fastrtps_c.so
[4.601s] [ 70%] Built target nxp_cup_interfaces__rosidl_typesupport_fastrtps_c
[4.610s] Scanning dependencies of target nxp_cup_interfaces
[4.618s] [ 70%] Built target nxp_cup_interfaces
[4.628s] Scanning dependencies of target nxp_cup_interfaces__py
[4.637s] [ 74%] Generating Python code for ROS interfaces
[5.113s] [ 74%] Built target nxp_cup_interfaces__py
[5.150s] Scanning dependencies of target nxp_cup_interfaces__python
[5.160s] [ 77%] Building C object CMakeFiles/nxp_cup_interfaces__python.dir/rosidl_generator_py/nxp_cup_interfaces/msg/_pixy_vector_s.c.o
[5.282s] [ 80%] Linking C shared library rosidl_generator_py/nxp_cup_interfaces/libnxp_cup_interfaces__python.so
[5.314s] [ 80%] Built target nxp_cup_interfaces__python
[5.327s] Scanning dependencies of target nxp_cup_interfaces__rosidl_typesupport_c__pyext
[5.327s] Scanning dependencies of target nxp_cup_interfaces__rosidl_typesupport_introspection_c__pyext
[5.328s] Scanning dependencies of target nxp_cup_interfaces__rosidl_typesupport_fastrtps_c__pyext
[5.338s] [ 83%] Building C object CMakeFiles/nxp_cup_interfaces__rosidl_typesupport_fastrtps_c__pyext.dir/rosidl_generator_py/nxp_cup_interfaces/_nxp_cup_interfaces_s.ep.rosidl_typesupport_fastrtps_c.c.o
[5.339s] [ 90%] Building C object CMakeFiles/nxp_cup_interfaces__rosidl_typesupport_introspection_c__pyext.dir/rosidl_generator_py/nxp_cup_interfaces/_nxp_cup_interfaces_s.ep.rosidl_typesupport_introspection_c.c.o
[5.339s] [ 90%] Building C object CMakeFiles/nxp_cup_interfaces__rosidl_typesupport_c__pyext.dir/rosidl_generator_py/nxp_cup_interfaces/_nxp_cup_interfaces_s.ep.rosidl_typesupport_c.c.o
[5.402s] [100%] Linking C shared library rosidl_generator_py/nxp_cup_interfaces/nxp_cup_interfaces_s__rosidl_typesupport_introspection_c.cpython-38-x86_64-linux-gnu.so
[5.403s] [100%] Linking C shared library rosidl_generator_py/nxp_cup_interfaces/nxp_cup_interfaces_s__rosidl_typesupport_c.cpython-38-x86_64-linux-gnu.so
[5.403s] [100%] Linking CXX shared library rosidl_generator_py/nxp_cup_interfaces/nxp_cup_interfaces_s__rosidl_typesupport_fastrtps_c.cpython-38-x86_64-linux-gnu.so
[5.429s] [100%] Built target nxp_cup_interfaces__rosidl_typesupport_introspection_c__pyext
[5.429s] [100%] Built target nxp_cup_interfaces__rosidl_typesupport_c__pyext
[5.454s] [100%] Built target nxp_cup_interfaces__rosidl_typesupport_fastrtps_c__pyext
[5.464s] Invoked command in '/home/trish/ros2ws/build/nxp_cup_interfaces' returned '0': CMAKE_PREFIX_PATH=${CMAKE_PREFIX_PATH}:/opt/ros/foxy /usr/bin/cmake --build /home/trish/ros2ws/build/nxp_cup_interfaces -- -j8 -l8
[5.511s] Invoking command in '/home/trish/ros2ws/build/nxp_cup_interfaces': CMAKE_PREFIX_PATH=${CMAKE_PREFIX_PATH}:/opt/ros/foxy /usr/bin/cmake --install /home/trish/ros2ws/build/nxp_cup_interfaces
[5.519s] -- Install configuration: ""
[5.519s] -- Execute custom install script
[5.520s] -- Symlinking: /home/trish/ros2ws/install/nxp_cup_interfaces/share/ament_index/resource_index/rosidl_interfaces/nxp_cup_interfaces
[5.528s] -- Symlinking: /home/trish/ros2ws/install/nxp_cup_interfaces/include/nxp_cup_interfaces/msg/detail/pixy_vector__functions.h
[5.536s] -- Symlinking: /home/trish/ros2ws/install/nxp_cup_interfaces/include/nxp_cup_interfaces/msg/detail/pixy_vector__struct.h
[5.544s] -- Symlinking: /home/trish/ros2ws/install/nxp_cup_interfaces/include/nxp_cup_interfaces/msg/detail/pixy_vector__type_support.h
[5.552s] -- Symlinking: /home/trish/ros2ws/install/nxp_cup_interfaces/include/nxp_cup_interfaces/msg/pixy_vector.h
[5.560s] -- Symlinking: /home/trish/ros2ws/install/nxp_cup_interfaces/include/nxp_cup_interfaces/msg/rosidl_generator_c__visibility_control.h
[5.569s] -- Symlinking: /home/trish/ros2ws/install/nxp_cup_interfaces/share/nxp_cup_interfaces/environment/library_path.sh
[5.577s] -- Symlinking: /home/trish/ros2ws/install/nxp_cup_interfaces/share/nxp_cup_interfaces/environment/library_path.dsv
[5.585s] -- Symlinking: /home/trish/ros2ws/install/nxp_cup_interfaces/include/nxp_cup_interfaces/msg/detail/pixy_vector__rosidl_typesupport_fastrtps_c.h
[5.593s] -- Symlinking: /home/trish/ros2ws/install/nxp_cup_interfaces/include/nxp_cup_interfaces/msg/rosidl_typesupport_fastrtps_c__visibility_control.h
[5.601s] -- Symlinking: /home/trish/ros2ws/install/nxp_cup_interfaces/lib/libnxp_cup_interfaces__rosidl_typesupport_fastrtps_c.so
[5.610s] -- Symlinking: /home/trish/ros2ws/install/nxp_cup_interfaces/include/nxp_cup_interfaces/msg/detail/pixy_vector__rosidl_typesupport_fastrtps_cpp.hpp
[5.618s] -- Symlinking: /home/trish/ros2ws/install/nxp_cup_interfaces/include/nxp_cup_interfaces/msg/rosidl_typesupport_fastrtps_cpp__visibility_control.h
[5.626s] -- Symlinking: /home/trish/ros2ws/install/nxp_cup_interfaces/lib/libnxp_cup_interfaces__rosidl_typesupport_fastrtps_cpp.so
[5.635s] -- Symlinking: /home/trish/ros2ws/install/nxp_cup_interfaces/include/nxp_cup_interfaces/msg/detail/pixy_vector__rosidl_typesupport_introspection_c.h
[5.643s] -- Symlinking: /home/trish/ros2ws/install/nxp_cup_interfaces/include/nxp_cup_interfaces/msg/rosidl_typesupport_introspection_c__visibility_control.h
[5.651s] -- Symlinking: /home/trish/ros2ws/install/nxp_cup_interfaces/include/nxp_cup_interfaces/msg/detail/pixy_vector__builder.hpp
[5.659s] -- Symlinking: /home/trish/ros2ws/install/nxp_cup_interfaces/include/nxp_cup_interfaces/msg/detail/pixy_vector__struct.hpp
[5.667s] -- Symlinking: /home/trish/ros2ws/install/nxp_cup_interfaces/include/nxp_cup_interfaces/msg/detail/pixy_vector__traits.hpp
[5.675s] -- Symlinking: /home/trish/ros2ws/install/nxp_cup_interfaces/include/nxp_cup_interfaces/msg/pixy_vector.hpp
[5.683s] -- Symlinking: /home/trish/ros2ws/install/nxp_cup_interfaces/include/nxp_cup_interfaces/msg/detail/pixy_vector__rosidl_typesupport_introspection_cpp.hpp
[5.692s] -- Symlinking: /home/trish/ros2ws/install/nxp_cup_interfaces/share/nxp_cup_interfaces/environment/pythonpath.sh
[5.700s] -- Symlinking: /home/trish/ros2ws/install/nxp_cup_interfaces/share/nxp_cup_interfaces/environment/pythonpath.dsv
[5.708s] -- Symlinking: /home/trish/ros2ws/install/nxp_cup_interfaces/lib/python3.8/site-packages/nxp_cup_interfaces/__init__.py
[5.716s] -- Symlinking: /home/trish/ros2ws/install/nxp_cup_interfaces/lib/python3.8/site-packages/nxp_cup_interfaces/msg/__init__.py
[5.724s] -- Symlinking: /home/trish/ros2ws/install/nxp_cup_interfaces/lib/python3.8/site-packages/nxp_cup_interfaces/msg/_pixy_vector.py
[5.733s] -- Symlinking: /home/trish/ros2ws/install/nxp_cup_interfaces/lib/python3.8/site-packages/nxp_cup_interfaces/nxp_cup_interfaces_s__rosidl_typesupport_fastrtps_c.cpython-38-x86_64-linux-gnu.so
[5.741s] -- Symlinking: /home/trish/ros2ws/install/nxp_cup_interfaces/lib/python3.8/site-packages/nxp_cup_interfaces/nxp_cup_interfaces_s__rosidl_typesupport_introspection_c.cpython-38-x86_64-linux-gnu.so
[5.749s] -- Symlinking: /home/trish/ros2ws/install/nxp_cup_interfaces/lib/python3.8/site-packages/nxp_cup_interfaces/nxp_cup_interfaces_s__rosidl_typesupport_c.cpython-38-x86_64-linux-gnu.so
[5.757s] -- Symlinking: /home/trish/ros2ws/install/nxp_cup_interfaces/lib/libnxp_cup_interfaces__python.so
[5.766s] -- Symlinking: /home/trish/ros2ws/install/nxp_cup_interfaces/share/nxp_cup_interfaces/msg/PixyVector.idl
[5.774s] -- Symlinking: /home/trish/ros2ws/install/nxp_cup_interfaces/share/nxp_cup_interfaces/msg/PixyVector.msg
[5.782s] -- Symlinking: /home/trish/ros2ws/install/nxp_cup_interfaces/share/ament_index/resource_index/package_run_dependencies/nxp_cup_interfaces
[5.790s] -- Symlinking: /home/trish/ros2ws/install/nxp_cup_interfaces/share/ament_index/resource_index/parent_prefix_path/nxp_cup_interfaces
[5.798s] -- Symlinking: /home/trish/ros2ws/install/nxp_cup_interfaces/share/nxp_cup_interfaces/environment/ament_prefix_path.sh
[5.806s] -- Symlinking: /home/trish/ros2ws/install/nxp_cup_interfaces/share/nxp_cup_interfaces/environment/ament_prefix_path.dsv
[5.815s] -- Symlinking: /home/trish/ros2ws/install/nxp_cup_interfaces/share/nxp_cup_interfaces/environment/path.sh
[5.823s] -- Symlinking: /home/trish/ros2ws/install/nxp_cup_interfaces/share/nxp_cup_interfaces/environment/path.dsv
[5.831s] -- Symlinking: /home/trish/ros2ws/install/nxp_cup_interfaces/share/nxp_cup_interfaces/local_setup.bash
[5.839s] -- Symlinking: /home/trish/ros2ws/install/nxp_cup_interfaces/share/nxp_cup_interfaces/local_setup.sh
[5.847s] -- Symlinking: /home/trish/ros2ws/install/nxp_cup_interfaces/share/nxp_cup_interfaces/local_setup.zsh
[5.855s] -- Symlinking: /home/trish/ros2ws/install/nxp_cup_interfaces/share/nxp_cup_interfaces/local_setup.dsv
[5.863s] -- Symlinking: /home/trish/ros2ws/install/nxp_cup_interfaces/share/nxp_cup_interfaces/package.dsv
[5.872s] -- Symlinking: /home/trish/ros2ws/install/nxp_cup_interfaces/share/ament_index/resource_index/packages/nxp_cup_interfaces
[5.880s] -- Symlinking: /home/trish/ros2ws/install/nxp_cup_interfaces/share/nxp_cup_interfaces/cmake/rosidl_cmake-extras.cmake
[5.888s] -- Symlinking: /home/trish/ros2ws/install/nxp_cup_interfaces/share/nxp_cup_interfaces/cmake/ament_cmake_export_dependencies-extras.cmake
[5.896s] -- Symlinking: /home/trish/ros2ws/install/nxp_cup_interfaces/share/nxp_cup_interfaces/cmake/ament_cmake_export_libraries-extras.cmake
[5.904s] -- Symlinking: /home/trish/ros2ws/install/nxp_cup_interfaces/share/nxp_cup_interfaces/cmake/ament_cmake_export_targets-extras.cmake
[5.912s] -- Symlinking: /home/trish/ros2ws/install/nxp_cup_interfaces/share/nxp_cup_interfaces/cmake/ament_cmake_export_include_directories-extras.cmake
[5.920s] -- Symlinking: /home/trish/ros2ws/install/nxp_cup_interfaces/share/nxp_cup_interfaces/cmake/rosidl_cmake_export_typesupport_libraries-extras.cmake
[5.928s] -- Symlinking: /home/trish/ros2ws/install/nxp_cup_interfaces/share/nxp_cup_interfaces/cmake/rosidl_cmake_export_typesupport_targets-extras.cmake
[5.936s] -- Symlinking: /home/trish/ros2ws/install/nxp_cup_interfaces/share/nxp_cup_interfaces/cmake/nxp_cup_interfacesConfig.cmake
[5.944s] -- Symlinking: /home/trish/ros2ws/install/nxp_cup_interfaces/share/nxp_cup_interfaces/cmake/nxp_cup_interfacesConfig-version.cmake
[5.953s] -- Symlinking: /home/trish/ros2ws/install/nxp_cup_interfaces/share/nxp_cup_interfaces/package.xml
[5.961s] -- Installing: /home/trish/ros2ws/install/nxp_cup_interfaces/lib/libnxp_cup_interfaces__rosidl_generator_c.so
[5.961s] -- Set runtime path of "/home/trish/ros2ws/install/nxp_cup_interfaces/lib/libnxp_cup_interfaces__rosidl_generator_c.so" to ""
[5.961s] -- Installing: /home/trish/ros2ws/install/nxp_cup_interfaces/lib/libnxp_cup_interfaces__rosidl_typesupport_introspection_c.so
[5.961s] -- Set runtime path of "/home/trish/ros2ws/install/nxp_cup_interfaces/lib/libnxp_cup_interfaces__rosidl_typesupport_introspection_c.so" to ""
[5.961s] -- Installing: /home/trish/ros2ws/install/nxp_cup_interfaces/lib/libnxp_cup_interfaces__rosidl_typesupport_c.so
[5.961s] -- Set runtime path of "/home/trish/ros2ws/install/nxp_cup_interfaces/lib/libnxp_cup_interfaces__rosidl_typesupport_c.so" to ""
[5.961s] -- Installing: /home/trish/ros2ws/install/nxp_cup_interfaces/lib/libnxp_cup_interfaces__rosidl_typesupport_introspection_cpp.so
[5.962s] -- Set runtime path of "/home/trish/ros2ws/install/nxp_cup_interfaces/lib/libnxp_cup_interfaces__rosidl_typesupport_introspection_cpp.so" to ""
[5.962s] -- Installing: /home/trish/ros2ws/install/nxp_cup_interfaces/lib/libnxp_cup_interfaces__rosidl_typesupport_cpp.so
[5.962s] -- Set runtime path of "/home/trish/ros2ws/install/nxp_cup_interfaces/lib/libnxp_cup_interfaces__rosidl_typesupport_cpp.so" to ""
[5.989s] Compiling '/home/trish/ros2ws/install/nxp_cup_interfaces/lib/python3.8/site-packages/nxp_cup_interfaces/__init__.py'...
[5.993s] -- Installing: /home/trish/ros2ws/install/nxp_cup_interfaces/share/nxp_cup_interfaces/cmake/nxp_cup_interfaces__rosidl_generator_cExport.cmake
[5.994s] -- Installing: /home/trish/ros2ws/install/nxp_cup_interfaces/share/nxp_cup_interfaces/cmake/nxp_cup_interfaces__rosidl_generator_cExport-noconfig.cmake
[5.994s] -- Installing: /home/trish/ros2ws/install/nxp_cup_interfaces/share/nxp_cup_interfaces/cmake/nxp_cup_interfaces__rosidl_typesupport_introspection_cExport.cmake
[5.994s] -- Installing: /home/trish/ros2ws/install/nxp_cup_interfaces/share/nxp_cup_interfaces/cmake/nxp_cup_interfaces__rosidl_typesupport_introspection_cExport-noconfig.cmake
[5.994s] -- Installing: /home/trish/ros2ws/install/nxp_cup_interfaces/share/nxp_cup_interfaces/cmake/nxp_cup_interfaces__rosidl_typesupport_cExport.cmake
[5.994s] -- Installing: /home/trish/ros2ws/install/nxp_cup_interfaces/share/nxp_cup_interfaces/cmake/nxp_cup_interfaces__rosidl_typesupport_cExport-noconfig.cmake
[5.994s] -- Installing: /home/trish/ros2ws/install/nxp_cup_interfaces/share/nxp_cup_interfaces/cmake/nxp_cup_interfaces__rosidl_generator_cppExport.cmake
[5.995s] -- Installing: /home/trish/ros2ws/install/nxp_cup_interfaces/share/nxp_cup_interfaces/cmake/nxp_cup_interfaces__rosidl_typesupport_introspection_cppExport.cmake
[5.995s] -- Installing: /home/trish/ros2ws/install/nxp_cup_interfaces/share/nxp_cup_interfaces/cmake/nxp_cup_interfaces__rosidl_typesupport_introspection_cppExport-noconfig.cmake
[5.995s] -- Installing: /home/trish/ros2ws/install/nxp_cup_interfaces/share/nxp_cup_interfaces/cmake/nxp_cup_interfaces__rosidl_typesupport_cppExport.cmake
[5.995s] -- Installing: /home/trish/ros2ws/install/nxp_cup_interfaces/share/nxp_cup_interfaces/cmake/nxp_cup_interfaces__rosidl_typesupport_cppExport-noconfig.cmake
[5.997s] Invoked command in '/home/trish/ros2ws/build/nxp_cup_interfaces' returned '0': CMAKE_PREFIX_PATH=${CMAKE_PREFIX_PATH}:/opt/ros/foxy /usr/bin/cmake --install /home/trish/ros2ws/build/nxp_cup_interfaces
