[0.009s] Invoking command in '/home/trish/ros2ws/build/sim_gazebo_bringup': /usr/bin/cmake /home/trish/ros2ws/src/sim_gazebo_bringup -DAMENT_CMAKE_SYMLINK_INSTALL=1 -DCMAKE_INSTALL_PREFIX=/home/trish/ros2ws/install/sim_gazebo_bringup
[0.035s] CMake Error at CMakeLists.txt:14 (find_package):
[0.035s]   By not providing "Findament_cmake.cmake" in CMAKE_MODULE_PATH this project
[0.035s]   has asked CMake to find a package configuration file provided by
[0.035s]   "ament_cmake", but CMake did not find one.
[0.035s] 
[0.035s]   Could not find a package configuration file provided by "ament_cmake" with
[0.035s]   any of the following names:
[0.035s] 
[0.035s]     ament_cmakeConfig.cmake
[0.035s]     ament_cmake-config.cmake
[0.035s] 
[0.035s]   Add the installation prefix of "ament_cmake" to CMAKE_PREFIX_PATH or set
[0.035s]   "ament_cmake_DIR" to a directory containing one of the above files.  If
[0.035s]   "ament_cmake" provides a separate development package or SDK, be sure it
[0.036s]   has been installed.
[0.036s] 
[0.036s] 
[0.036s] -- Configuring incomplete, errors occurred!
[0.036s] See also "/home/trish/ros2ws/build/sim_gazebo_bringup/CMakeFiles/CMakeOutput.log".
[0.037s] Invoked command in '/home/trish/ros2ws/build/sim_gazebo_bringup' returned '1': /usr/bin/cmake /home/trish/ros2ws/src/sim_gazebo_bringup -DAMENT_CMAKE_SYMLINK_INSTALL=1 -DCMAKE_INSTALL_PREFIX=/home/trish/ros2ws/install/sim_gazebo_bringup
