[0.798s] Invoking command in '/home/trish/ros2ws/build/nxp_cup_vision': AMENT_PREFIX_PATH=/home/trish/ros2ws/install/nxp_cup_interfaces:${AMENT_PREFIX_PATH} CMAKE_PREFIX_PATH=/home/trish/ros2ws/install/nxp_cup_interfaces:${CMAKE_PREFIX_PATH} LD_LIBRARY_PATH=/home/trish/ros2ws/install/nxp_cup_interfaces/lib:${LD_LIBRARY_PATH} PYTHONPATH=/home/trish/ros2ws/install/nxp_cup_vision/lib/python3.8/site-packages:/home/trish/ros2ws/install/nxp_cup_interfaces/lib/python3.8/site-packages:${PYTHONPATH} /usr/bin/python3 setup.py develop --prefix /home/trish/ros2ws/install/nxp_cup_vision --editable --build-directory /home/trish/ros2ws/build/nxp_cup_vision/build --no-deps install_data --install-dir /home/trish/ros2ws/install/nxp_cup_vision
[1.081s] running develop
[1.247s] running egg_info
[1.247s] creating nxp_cup_vision.egg-info
[1.256s] writing nxp_cup_vision.egg-info/PKG-INFO
[1.256s] writing dependency_links to nxp_cup_vision.egg-info/dependency_links.txt
[1.256s] writing entry points to nxp_cup_vision.egg-info/entry_points.txt
[1.256s] writing requirements to nxp_cup_vision.egg-info/requires.txt
[1.256s] writing top-level names to nxp_cup_vision.egg-info/top_level.txt
[1.257s] writing manifest file 'nxp_cup_vision.egg-info/SOURCES.txt'
[1.276s] reading manifest file 'nxp_cup_vision.egg-info/SOURCES.txt'
[1.277s] writing manifest file 'nxp_cup_vision.egg-info/SOURCES.txt'
[1.318s] running build_ext
[1.318s] Creating /home/trish/ros2ws/install/nxp_cup_vision/lib/python3.8/site-packages/nxp-cup-vision.egg-link (link to .)
[1.319s] Installing nxp_track_vision script to /home/trish/ros2ws/install/nxp_cup_vision/lib/nxp_cup_vision
[1.319s] 
[1.319s] Installed /home/trish/ros2ws/build/nxp_cup_vision
[1.319s] running install_data
[1.319s] creating /home/trish/ros2ws/install/nxp_cup_vision/share/ament_index
[1.319s] creating /home/trish/ros2ws/install/nxp_cup_vision/share/ament_index/resource_index
[1.320s] creating /home/trish/ros2ws/install/nxp_cup_vision/share/ament_index/resource_index/packages
[1.320s] copying resource/nxp_cup_vision -> /home/trish/ros2ws/install/nxp_cup_vision/share/ament_index/resource_index/packages
[1.320s] copying package.xml -> /home/trish/ros2ws/install/nxp_cup_vision/share/nxp_cup_vision
[1.320s] /home/trish/.local/lib/python3.8/site-packages/setuptools/command/easy_install.py:144: EasyInstallDeprecationWarning: easy_install command is deprecated. Use build and pip and other standards-based tools.
[1.320s]   warnings.warn(
[1.320s] /home/trish/.local/lib/python3.8/site-packages/setuptools/command/install.py:34: SetuptoolsDeprecationWarning: setup.py install is deprecated. Use build and pip and other standards-based tools.
[1.320s]   warnings.warn(
[1.320s] /home/trish/.local/lib/python3.8/site-packages/pkg_resources/__init__.py:123: PkgResourcesDeprecationWarning: 0.1.36ubuntu1 is an invalid version and will not be supported in a future release
[1.320s]   warnings.warn(
[1.320s] /home/trish/.local/lib/python3.8/site-packages/pkg_resources/__init__.py:123: PkgResourcesDeprecationWarning: 0.23ubuntu1 is an invalid version and will not be supported in a future release
[1.320s]   warnings.warn(
[1.362s] Invoked command in '/home/trish/ros2ws/build/nxp_cup_vision' returned '0': AMENT_PREFIX_PATH=/home/trish/ros2ws/install/nxp_cup_interfaces:${AMENT_PREFIX_PATH} CMAKE_PREFIX_PATH=/home/trish/ros2ws/install/nxp_cup_interfaces:${CMAKE_PREFIX_PATH} LD_LIBRARY_PATH=/home/trish/ros2ws/install/nxp_cup_interfaces/lib:${LD_LIBRARY_PATH} PYTHONPATH=/home/trish/ros2ws/install/nxp_cup_vision/lib/python3.8/site-packages:/home/trish/ros2ws/install/nxp_cup_interfaces/lib/python3.8/site-packages:${PYTHONPATH} /usr/bin/python3 setup.py develop --prefix /home/trish/ros2ws/install/nxp_cup_vision --editable --build-directory /home/trish/ros2ws/build/nxp_cup_vision/build --no-deps install_data --install-dir /home/trish/ros2ws/install/nxp_cup_vision
