[0.014s] Invoking command in '/home/trish/ros2ws/build/sim_gazebo_bringup': CMAKE_PREFIX_PATH=/opt/ros/foxy /usr/bin/cmake /home/trish/ros2ws/src/sim_gazebo_bringup -DAMENT_CMAKE_SYMLINK_INSTALL=1 -DCMAKE_INSTALL_PREFIX=/home/trish/ros2ws/install/sim_gazebo_bringup
[0.027s] -- Found ament_cmake: 0.9.9 (/opt/ros/foxy/share/ament_cmake/cmake)
[0.052s] -- Found PythonInterp: /usr/bin/python3 (found suitable version "3.8.10", minimum required is "3") 
[0.053s] -- Using PYTHON_EXECUTABLE: /usr/bin/python3
[0.267s] -- Override CMake install command with custom implementation using symlinks instead of copying resources
[0.337s] -- Configuring done
[0.338s] -- Generating done
[0.339s] -- Build files have been written to: /home/trish/ros2ws/build/sim_gazebo_bringup
[0.341s] Invoked command in '/home/trish/ros2ws/build/sim_gazebo_bringup' returned '0': CMAKE_PREFIX_PATH=/opt/ros/foxy /usr/bin/cmake /home/trish/ros2ws/src/sim_gazebo_bringup -DAMENT_CMAKE_SYMLINK_INSTALL=1 -DCMAKE_INSTALL_PREFIX=/home/trish/ros2ws/install/sim_gazebo_bringup
[0.343s] Invoking command in '/home/trish/ros2ws/build/sim_gazebo_bringup': CMAKE_PREFIX_PATH=/opt/ros/foxy /usr/bin/cmake --build /home/trish/ros2ws/build/sim_gazebo_bringup -- -j8 -l8
[0.377s] Invoked command in '/home/trish/ros2ws/build/sim_gazebo_bringup' returned '0': CMAKE_PREFIX_PATH=/opt/ros/foxy /usr/bin/cmake --build /home/trish/ros2ws/build/sim_gazebo_bringup -- -j8 -l8
[0.406s] Invoking command in '/home/trish/ros2ws/build/sim_gazebo_bringup': CMAKE_PREFIX_PATH=/opt/ros/foxy /usr/bin/cmake --install /home/trish/ros2ws/build/sim_gazebo_bringup
[0.413s] -- Install configuration: ""
[0.413s] -- Execute custom install script
[0.414s] -- Symlinking: /home/trish/ros2ws/install/sim_gazebo_bringup/share/sim_gazebo_bringup//launch/sim_gazebo.launch.py
[0.422s] -- Symlinking: /home/trish/ros2ws/install/sim_gazebo_bringup/share/ament_index/resource_index/package_run_dependencies/sim_gazebo_bringup
[0.430s] -- Symlinking: /home/trish/ros2ws/install/sim_gazebo_bringup/share/ament_index/resource_index/parent_prefix_path/sim_gazebo_bringup
[0.439s] -- Symlinking: /home/trish/ros2ws/install/sim_gazebo_bringup/share/sim_gazebo_bringup/environment/ament_prefix_path.sh
[0.447s] -- Symlinking: /home/trish/ros2ws/install/sim_gazebo_bringup/share/sim_gazebo_bringup/environment/ament_prefix_path.dsv
[0.455s] -- Symlinking: /home/trish/ros2ws/install/sim_gazebo_bringup/share/sim_gazebo_bringup/environment/path.sh
[0.463s] -- Symlinking: /home/trish/ros2ws/install/sim_gazebo_bringup/share/sim_gazebo_bringup/environment/path.dsv
[0.471s] -- Symlinking: /home/trish/ros2ws/install/sim_gazebo_bringup/share/sim_gazebo_bringup/local_setup.bash
[0.479s] -- Symlinking: /home/trish/ros2ws/install/sim_gazebo_bringup/share/sim_gazebo_bringup/local_setup.sh
[0.487s] -- Symlinking: /home/trish/ros2ws/install/sim_gazebo_bringup/share/sim_gazebo_bringup/local_setup.zsh
[0.495s] -- Symlinking: /home/trish/ros2ws/install/sim_gazebo_bringup/share/sim_gazebo_bringup/local_setup.dsv
[0.503s] -- Symlinking: /home/trish/ros2ws/install/sim_gazebo_bringup/share/sim_gazebo_bringup/package.dsv
[0.511s] -- Symlinking: /home/trish/ros2ws/install/sim_gazebo_bringup/share/ament_index/resource_index/packages/sim_gazebo_bringup
[0.519s] -- Symlinking: /home/trish/ros2ws/install/sim_gazebo_bringup/share/sim_gazebo_bringup/cmake/sim_gazebo_bringupConfig.cmake
[0.528s] -- Symlinking: /home/trish/ros2ws/install/sim_gazebo_bringup/share/sim_gazebo_bringup/cmake/sim_gazebo_bringupConfig-version.cmake
[0.536s] -- Symlinking: /home/trish/ros2ws/install/sim_gazebo_bringup/share/sim_gazebo_bringup/package.xml
[0.546s] Invoked command in '/home/trish/ros2ws/build/sim_gazebo_bringup' returned '0': CMAKE_PREFIX_PATH=/opt/ros/foxy /usr/bin/cmake --install /home/trish/ros2ws/build/sim_gazebo_bringup
