[0.017s] Invoking command in '/home/trish/ros2ws/build/sim_gazebo_bringup': CMAKE_PREFIX_PATH=${CMAKE_PREFIX_PATH}:/home/trish/ros2ws/install/nxp_cup_vision:/home/trish/ros2ws/install/aim_line_follow:/opt/ros/foxy /usr/bin/cmake --build /home/trish/ros2ws/build/sim_gazebo_bringup -- -j8 -l8
[0.140s] Invoked command in '/home/trish/ros2ws/build/sim_gazebo_bringup' returned '0': CMAKE_PREFIX_PATH=${CMAKE_PREFIX_PATH}:/home/trish/ros2ws/install/nxp_cup_vision:/home/trish/ros2ws/install/aim_line_follow:/opt/ros/foxy /usr/bin/cmake --build /home/trish/ros2ws/build/sim_gazebo_bringup -- -j8 -l8
[0.199s] Invoking command in '/home/trish/ros2ws/build/sim_gazebo_bringup': CMAKE_PREFIX_PATH=${CMAKE_PREFIX_PATH}:/home/trish/ros2ws/install/nxp_cup_vision:/home/trish/ros2ws/install/aim_line_follow:/opt/ros/foxy /usr/bin/cmake --install /home/trish/ros2ws/build/sim_gazebo_bringup
[0.210s] -- Install configuration: ""
[0.210s] -- Execute custom install script
[0.211s] -- Up-to-date symlink: /home/trish/ros2ws/install/sim_gazebo_bringup/share/sim_gazebo_bringup//launch/sim_gazebo.launch.py
[0.212s] -- Up-to-date symlink: /home/trish/ros2ws/install/sim_gazebo_bringup/share/ament_index/resource_index/package_run_dependencies/sim_gazebo_bringup
[0.212s] -- Up-to-date symlink: /home/trish/ros2ws/install/sim_gazebo_bringup/share/ament_index/resource_index/parent_prefix_path/sim_gazebo_bringup
[0.213s] -- Up-to-date symlink: /home/trish/ros2ws/install/sim_gazebo_bringup/share/sim_gazebo_bringup/environment/ament_prefix_path.sh
[0.213s] -- Up-to-date symlink: /home/trish/ros2ws/install/sim_gazebo_bringup/share/sim_gazebo_bringup/environment/ament_prefix_path.dsv
[0.213s] -- Up-to-date symlink: /home/trish/ros2ws/install/sim_gazebo_bringup/share/sim_gazebo_bringup/environment/path.sh
[0.213s] -- Up-to-date symlink: /home/trish/ros2ws/install/sim_gazebo_bringup/share/sim_gazebo_bringup/environment/path.dsv
[0.214s] -- Up-to-date symlink: /home/trish/ros2ws/install/sim_gazebo_bringup/share/sim_gazebo_bringup/local_setup.bash
[0.214s] -- Up-to-date symlink: /home/trish/ros2ws/install/sim_gazebo_bringup/share/sim_gazebo_bringup/local_setup.sh
[0.214s] -- Up-to-date symlink: /home/trish/ros2ws/install/sim_gazebo_bringup/share/sim_gazebo_bringup/local_setup.zsh
[0.214s] -- Up-to-date symlink: /home/trish/ros2ws/install/sim_gazebo_bringup/share/sim_gazebo_bringup/local_setup.dsv
[0.215s] -- Symlinking: /home/trish/ros2ws/install/sim_gazebo_bringup/share/sim_gazebo_bringup/package.dsv
[0.224s] -- Up-to-date symlink: /home/trish/ros2ws/install/sim_gazebo_bringup/share/ament_index/resource_index/packages/sim_gazebo_bringup
[0.224s] -- Up-to-date symlink: /home/trish/ros2ws/install/sim_gazebo_bringup/share/sim_gazebo_bringup/cmake/sim_gazebo_bringupConfig.cmake
[0.224s] -- Up-to-date symlink: /home/trish/ros2ws/install/sim_gazebo_bringup/share/sim_gazebo_bringup/cmake/sim_gazebo_bringupConfig-version.cmake
[0.224s] -- Up-to-date symlink: /home/trish/ros2ws/install/sim_gazebo_bringup/share/sim_gazebo_bringup/package.xml
[0.227s] Invoked command in '/home/trish/ros2ws/build/sim_gazebo_bringup' returned '0': CMAKE_PREFIX_PATH=${CMAKE_PREFIX_PATH}:/home/trish/ros2ws/install/nxp_cup_vision:/home/trish/ros2ws/install/aim_line_follow:/opt/ros/foxy /usr/bin/cmake --install /home/trish/ros2ws/build/sim_gazebo_bringup
