[0.284s] DEBUG:colcon:Command line arguments: ['/usr/bin/colcon', 'build', '--packages-select', 'aim_line_follow', '--symlink-install']
[0.284s] DEBUG:colcon:Parsed command line arguments: Namespace(allow_overriding=[], ament_cmake_args=None, base_paths=['.'], build_base='build', catkin_cmake_args=None, catkin_skip_building_tests=False, cmake_args=None, cmake_clean_cache=False, cmake_clean_first=False, cmake_force_configure=False, cmake_target=None, cmake_target_skip_unavailable=False, continue_on_error=False, event_handlers=None, executor='parallel', ignore_user_meta=False, install_base='install', log_base=None, log_level=None, main=<bound method BuildVerb.main of <colcon_core.verb.build.BuildVerb object at 0x7f869605b970>>, merge_install=False, metas=['./colcon.meta'], packages_above=None, packages_above_and_dependencies=None, packages_above_depth=None, packages_end=None, packages_ignore=None, packages_ignore_regex=None, packages_select=['aim_line_follow'], packages_select_build_failed=False, packages_select_by_dep=None, packages_select_regex=None, packages_select_test_failures=False, packages_skip=None, packages_skip_build_finished=False, packages_skip_by_dep=None, packages_skip_regex=None, packages_skip_test_passed=False, packages_skip_up_to=None, packages_start=None, packages_up_to=None, packages_up_to_regex=None, parallel_workers=8, paths=None, symlink_install=True, test_result_base=None, verb_extension=<colcon_core.verb.build.BuildVerb object at 0x7f869605b970>, verb_name='build', verb_parser=<colcon_defaults.argument_parser.defaults.DefaultArgumentsDecorator object at 0x7f8695f25e50>)
[0.334s] Level 1:colcon.colcon_core.package_discovery:discover_packages(colcon_meta) check parameters
[0.334s] Level 1:colcon.colcon_core.package_discovery:discover_packages(recursive) check parameters
[0.334s] Level 1:colcon.colcon_core.package_discovery:discover_packages(ignore) check parameters
[0.334s] Level 1:colcon.colcon_core.package_discovery:discover_packages(path) check parameters
[0.334s] Level 1:colcon.colcon_core.package_discovery:discover_packages(colcon_meta) discover
[0.334s] Level 1:colcon.colcon_core.package_discovery:discover_packages(recursive) discover
[0.334s] INFO:colcon.colcon_core.package_discovery:Crawling recursively for packages in '/home/trish/ros2ws'
[0.334s] Level 1:colcon.colcon_core.package_identification:_identify(.) by extensions ['ignore', 'ignore_ament_install']
[0.334s] Level 1:colcon.colcon_core.package_identification:_identify(.) by extension 'ignore'
[0.334s] Level 1:colcon.colcon_core.package_identification:_identify(.) by extension 'ignore_ament_install'
[0.334s] Level 1:colcon.colcon_core.package_identification:_identify(.) by extensions ['colcon_pkg']
[0.334s] Level 1:colcon.colcon_core.package_identification:_identify(.) by extension 'colcon_pkg'
[0.334s] Level 1:colcon.colcon_core.package_identification:_identify(.) by extensions ['colcon_meta']
[0.334s] Level 1:colcon.colcon_core.package_identification:_identify(.) by extension 'colcon_meta'
[0.334s] Level 1:colcon.colcon_core.package_identification:_identify(.) by extensions ['ros']
[0.335s] Level 1:colcon.colcon_core.package_identification:_identify(.) by extension 'ros'
[0.347s] Level 1:colcon.colcon_core.package_identification:_identify(.) by extensions ['cmake', 'python']
[0.347s] Level 1:colcon.colcon_core.package_identification:_identify(.) by extension 'cmake'
[0.347s] Level 1:colcon.colcon_core.package_identification:_identify(.) by extension 'python'
[0.347s] Level 1:colcon.colcon_core.package_identification:_identify(.) by extensions ['python_setup_py']
[0.347s] Level 1:colcon.colcon_core.package_identification:_identify(.) by extension 'python_setup_py'
[0.347s] Level 1:colcon.colcon_core.package_identification:_identify(build) by extensions ['ignore', 'ignore_ament_install']
[0.347s] Level 1:colcon.colcon_core.package_identification:_identify(build) by extension 'ignore'
[0.347s] Level 1:colcon.colcon_core.package_identification:_identify(build) ignored
[0.347s] Level 1:colcon.colcon_core.package_identification:_identify(install) by extensions ['ignore', 'ignore_ament_install']
[0.347s] Level 1:colcon.colcon_core.package_identification:_identify(install) by extension 'ignore'
[0.347s] Level 1:colcon.colcon_core.package_identification:_identify(install) ignored
[0.347s] Level 1:colcon.colcon_core.package_identification:_identify(log) by extensions ['ignore', 'ignore_ament_install']
[0.347s] Level 1:colcon.colcon_core.package_identification:_identify(log) by extension 'ignore'
[0.347s] Level 1:colcon.colcon_core.package_identification:_identify(log) ignored
[0.347s] Level 1:colcon.colcon_core.package_identification:_identify(nxp_gazebo) by extensions ['ignore', 'ignore_ament_install']
[0.348s] Level 1:colcon.colcon_core.package_identification:_identify(nxp_gazebo) by extension 'ignore'
[0.348s] Level 1:colcon.colcon_core.package_identification:_identify(nxp_gazebo) by extension 'ignore_ament_install'
[0.348s] Level 1:colcon.colcon_core.package_identification:_identify(nxp_gazebo) by extensions ['colcon_pkg']
[0.348s] Level 1:colcon.colcon_core.package_identification:_identify(nxp_gazebo) by extension 'colcon_pkg'
[0.348s] Level 1:colcon.colcon_core.package_identification:_identify(nxp_gazebo) by extensions ['colcon_meta']
[0.348s] Level 1:colcon.colcon_core.package_identification:_identify(nxp_gazebo) by extension 'colcon_meta'
[0.348s] Level 1:colcon.colcon_core.package_identification:_identify(nxp_gazebo) by extensions ['ros']
[0.348s] Level 1:colcon.colcon_core.package_identification:_identify(nxp_gazebo) by extension 'ros'
[0.348s] Level 1:colcon.colcon_core.package_identification:_identify(nxp_gazebo) by extensions ['cmake', 'python']
[0.348s] Level 1:colcon.colcon_core.package_identification:_identify(nxp_gazebo) by extension 'cmake'
[0.348s] Level 1:colcon.colcon_core.package_identification:_identify(nxp_gazebo) by extension 'python'
[0.348s] Level 1:colcon.colcon_core.package_identification:_identify(nxp_gazebo) by extensions ['python_setup_py']
[0.348s] Level 1:colcon.colcon_core.package_identification:_identify(nxp_gazebo) by extension 'python_setup_py'
[0.348s] Level 1:colcon.colcon_core.package_identification:_identify(nxp_gazebo/models) by extensions ['ignore', 'ignore_ament_install']
[0.348s] Level 1:colcon.colcon_core.package_identification:_identify(nxp_gazebo/models) by extension 'ignore'
[0.348s] Level 1:colcon.colcon_core.package_identification:_identify(nxp_gazebo/models) by extension 'ignore_ament_install'
[0.348s] Level 1:colcon.colcon_core.package_identification:_identify(nxp_gazebo/models) by extensions ['colcon_pkg']
[0.348s] Level 1:colcon.colcon_core.package_identification:_identify(nxp_gazebo/models) by extension 'colcon_pkg'
[0.348s] Level 1:colcon.colcon_core.package_identification:_identify(nxp_gazebo/models) by extensions ['colcon_meta']
[0.348s] Level 1:colcon.colcon_core.package_identification:_identify(nxp_gazebo/models) by extension 'colcon_meta'
[0.348s] Level 1:colcon.colcon_core.package_identification:_identify(nxp_gazebo/models) by extensions ['ros']
[0.348s] Level 1:colcon.colcon_core.package_identification:_identify(nxp_gazebo/models) by extension 'ros'
[0.348s] Level 1:colcon.colcon_core.package_identification:_identify(nxp_gazebo/models) by extensions ['cmake', 'python']
[0.348s] Level 1:colcon.colcon_core.package_identification:_identify(nxp_gazebo/models) by extension 'cmake'
[0.348s] Level 1:colcon.colcon_core.package_identification:_identify(nxp_gazebo/models) by extension 'python'
[0.349s] Level 1:colcon.colcon_core.package_identification:_identify(nxp_gazebo/models) by extensions ['python_setup_py']
[0.349s] Level 1:colcon.colcon_core.package_identification:_identify(nxp_gazebo/models) by extension 'python_setup_py'
[0.349s] Level 1:colcon.colcon_core.package_identification:_identify(nxp_gazebo/models/nxp_cupcar) by extensions ['ignore', 'ignore_ament_install']
[0.349s] Level 1:colcon.colcon_core.package_identification:_identify(nxp_gazebo/models/nxp_cupcar) by extension 'ignore'
[0.349s] Level 1:colcon.colcon_core.package_identification:_identify(nxp_gazebo/models/nxp_cupcar) by extension 'ignore_ament_install'
[0.349s] Level 1:colcon.colcon_core.package_identification:_identify(nxp_gazebo/models/nxp_cupcar) by extensions ['colcon_pkg']
[0.349s] Level 1:colcon.colcon_core.package_identification:_identify(nxp_gazebo/models/nxp_cupcar) by extension 'colcon_pkg'
[0.349s] Level 1:colcon.colcon_core.package_identification:_identify(nxp_gazebo/models/nxp_cupcar) by extensions ['colcon_meta']
[0.349s] Level 1:colcon.colcon_core.package_identification:_identify(nxp_gazebo/models/nxp_cupcar) by extension 'colcon_meta'
[0.349s] Level 1:colcon.colcon_core.package_identification:_identify(nxp_gazebo/models/nxp_cupcar) by extensions ['ros']
[0.349s] Level 1:colcon.colcon_core.package_identification:_identify(nxp_gazebo/models/nxp_cupcar) by extension 'ros'
[0.349s] Level 1:colcon.colcon_core.package_identification:_identify(nxp_gazebo/models/nxp_cupcar) by extensions ['cmake', 'python']
[0.349s] Level 1:colcon.colcon_core.package_identification:_identify(nxp_gazebo/models/nxp_cupcar) by extension 'cmake'
[0.349s] Level 1:colcon.colcon_core.package_identification:_identify(nxp_gazebo/models/nxp_cupcar) by extension 'python'
[0.349s] Level 1:colcon.colcon_core.package_identification:_identify(nxp_gazebo/models/nxp_cupcar) by extensions ['python_setup_py']
[0.349s] Level 1:colcon.colcon_core.package_identification:_identify(nxp_gazebo/models/nxp_cupcar) by extension 'python_setup_py'
[0.349s] Level 1:colcon.colcon_core.package_identification:_identify(nxp_gazebo/models/nxp_cupcar/materials) by extensions ['ignore', 'ignore_ament_install']
[0.349s] Level 1:colcon.colcon_core.package_identification:_identify(nxp_gazebo/models/nxp_cupcar/materials) by extension 'ignore'
[0.349s] Level 1:colcon.colcon_core.package_identification:_identify(nxp_gazebo/models/nxp_cupcar/materials) by extension 'ignore_ament_install'
[0.349s] Level 1:colcon.colcon_core.package_identification:_identify(nxp_gazebo/models/nxp_cupcar/materials) by extensions ['colcon_pkg']
[0.349s] Level 1:colcon.colcon_core.package_identification:_identify(nxp_gazebo/models/nxp_cupcar/materials) by extension 'colcon_pkg'
[0.349s] Level 1:colcon.colcon_core.package_identification:_identify(nxp_gazebo/models/nxp_cupcar/materials) by extensions ['colcon_meta']
[0.349s] Level 1:colcon.colcon_core.package_identification:_identify(nxp_gazebo/models/nxp_cupcar/materials) by extension 'colcon_meta'
[0.350s] Level 1:colcon.colcon_core.package_identification:_identify(nxp_gazebo/models/nxp_cupcar/materials) by extensions ['ros']
[0.350s] Level 1:colcon.colcon_core.package_identification:_identify(nxp_gazebo/models/nxp_cupcar/materials) by extension 'ros'
[0.350s] Level 1:colcon.colcon_core.package_identification:_identify(nxp_gazebo/models/nxp_cupcar/materials) by extensions ['cmake', 'python']
[0.350s] Level 1:colcon.colcon_core.package_identification:_identify(nxp_gazebo/models/nxp_cupcar/materials) by extension 'cmake'
[0.350s] Level 1:colcon.colcon_core.package_identification:_identify(nxp_gazebo/models/nxp_cupcar/materials) by extension 'python'
[0.350s] Level 1:colcon.colcon_core.package_identification:_identify(nxp_gazebo/models/nxp_cupcar/materials) by extensions ['python_setup_py']
[0.350s] Level 1:colcon.colcon_core.package_identification:_identify(nxp_gazebo/models/nxp_cupcar/materials) by extension 'python_setup_py'
[0.350s] Level 1:colcon.colcon_core.package_identification:_identify(nxp_gazebo/models/nxp_cupcar/materials/logo) by extensions ['ignore', 'ignore_ament_install']
[0.350s] Level 1:colcon.colcon_core.package_identification:_identify(nxp_gazebo/models/nxp_cupcar/materials/logo) by extension 'ignore'
[0.350s] Level 1:colcon.colcon_core.package_identification:_identify(nxp_gazebo/models/nxp_cupcar/materials/logo) by extension 'ignore_ament_install'
[0.350s] Level 1:colcon.colcon_core.package_identification:_identify(nxp_gazebo/models/nxp_cupcar/materials/logo) by extensions ['colcon_pkg']
[0.350s] Level 1:colcon.colcon_core.package_identification:_identify(nxp_gazebo/models/nxp_cupcar/materials/logo) by extension 'colcon_pkg'
[0.350s] Level 1:colcon.colcon_core.package_identification:_identify(nxp_gazebo/models/nxp_cupcar/materials/logo) by extensions ['colcon_meta']
[0.350s] Level 1:colcon.colcon_core.package_identification:_identify(nxp_gazebo/models/nxp_cupcar/materials/logo) by extension 'colcon_meta'
[0.350s] Level 1:colcon.colcon_core.package_identification:_identify(nxp_gazebo/models/nxp_cupcar/materials/logo) by extensions ['ros']
[0.350s] Level 1:colcon.colcon_core.package_identification:_identify(nxp_gazebo/models/nxp_cupcar/materials/logo) by extension 'ros'
[0.350s] Level 1:colcon.colcon_core.package_identification:_identify(nxp_gazebo/models/nxp_cupcar/materials/logo) by extensions ['cmake', 'python']
[0.350s] Level 1:colcon.colcon_core.package_identification:_identify(nxp_gazebo/models/nxp_cupcar/materials/logo) by extension 'cmake'
[0.350s] Level 1:colcon.colcon_core.package_identification:_identify(nxp_gazebo/models/nxp_cupcar/materials/logo) by extension 'python'
[0.350s] Level 1:colcon.colcon_core.package_identification:_identify(nxp_gazebo/models/nxp_cupcar/materials/logo) by extensions ['python_setup_py']
[0.350s] Level 1:colcon.colcon_core.package_identification:_identify(nxp_gazebo/models/nxp_cupcar/materials/logo) by extension 'python_setup_py'
[0.350s] Level 1:colcon.colcon_core.package_identification:_identify(nxp_gazebo/models/nxp_cupcar/materials/scripts) by extensions ['ignore', 'ignore_ament_install']
[0.351s] Level 1:colcon.colcon_core.package_identification:_identify(nxp_gazebo/models/nxp_cupcar/materials/scripts) by extension 'ignore'
[0.351s] Level 1:colcon.colcon_core.package_identification:_identify(nxp_gazebo/models/nxp_cupcar/materials/scripts) by extension 'ignore_ament_install'
[0.351s] Level 1:colcon.colcon_core.package_identification:_identify(nxp_gazebo/models/nxp_cupcar/materials/scripts) by extensions ['colcon_pkg']
[0.351s] Level 1:colcon.colcon_core.package_identification:_identify(nxp_gazebo/models/nxp_cupcar/materials/scripts) by extension 'colcon_pkg'
[0.351s] Level 1:colcon.colcon_core.package_identification:_identify(nxp_gazebo/models/nxp_cupcar/materials/scripts) by extensions ['colcon_meta']
[0.351s] Level 1:colcon.colcon_core.package_identification:_identify(nxp_gazebo/models/nxp_cupcar/materials/scripts) by extension 'colcon_meta'
[0.351s] Level 1:colcon.colcon_core.package_identification:_identify(nxp_gazebo/models/nxp_cupcar/materials/scripts) by extensions ['ros']
[0.351s] Level 1:colcon.colcon_core.package_identification:_identify(nxp_gazebo/models/nxp_cupcar/materials/scripts) by extension 'ros'
[0.351s] Level 1:colcon.colcon_core.package_identification:_identify(nxp_gazebo/models/nxp_cupcar/materials/scripts) by extensions ['cmake', 'python']
[0.351s] Level 1:colcon.colcon_core.package_identification:_identify(nxp_gazebo/models/nxp_cupcar/materials/scripts) by extension 'cmake'
[0.351s] Level 1:colcon.colcon_core.package_identification:_identify(nxp_gazebo/models/nxp_cupcar/materials/scripts) by extension 'python'
[0.351s] Level 1:colcon.colcon_core.package_identification:_identify(nxp_gazebo/models/nxp_cupcar/materials/scripts) by extensions ['python_setup_py']
[0.351s] Level 1:colcon.colcon_core.package_identification:_identify(nxp_gazebo/models/nxp_cupcar/materials/scripts) by extension 'python_setup_py'
[0.351s] Level 1:colcon.colcon_core.package_identification:_identify(nxp_gazebo/models/nxp_cupcar/meshes) by extensions ['ignore', 'ignore_ament_install']
[0.351s] Level 1:colcon.colcon_core.package_identification:_identify(nxp_gazebo/models/nxp_cupcar/meshes) by extension 'ignore'
[0.351s] Level 1:colcon.colcon_core.package_identification:_identify(nxp_gazebo/models/nxp_cupcar/meshes) by extension 'ignore_ament_install'
[0.351s] Level 1:colcon.colcon_core.package_identification:_identify(nxp_gazebo/models/nxp_cupcar/meshes) by extensions ['colcon_pkg']
[0.351s] Level 1:colcon.colcon_core.package_identification:_identify(nxp_gazebo/models/nxp_cupcar/meshes) by extension 'colcon_pkg'
[0.351s] Level 1:colcon.colcon_core.package_identification:_identify(nxp_gazebo/models/nxp_cupcar/meshes) by extensions ['colcon_meta']
[0.351s] Level 1:colcon.colcon_core.package_identification:_identify(nxp_gazebo/models/nxp_cupcar/meshes) by extension 'colcon_meta'
[0.351s] Level 1:colcon.colcon_core.package_identification:_identify(nxp_gazebo/models/nxp_cupcar/meshes) by extensions ['ros']
[0.351s] Level 1:colcon.colcon_core.package_identification:_identify(nxp_gazebo/models/nxp_cupcar/meshes) by extension 'ros'
[0.351s] Level 1:colcon.colcon_core.package_identification:_identify(nxp_gazebo/models/nxp_cupcar/meshes) by extensions ['cmake', 'python']
[0.351s] Level 1:colcon.colcon_core.package_identification:_identify(nxp_gazebo/models/nxp_cupcar/meshes) by extension 'cmake'
[0.352s] Level 1:colcon.colcon_core.package_identification:_identify(nxp_gazebo/models/nxp_cupcar/meshes) by extension 'python'
[0.352s] Level 1:colcon.colcon_core.package_identification:_identify(nxp_gazebo/models/nxp_cupcar/meshes) by extensions ['python_setup_py']
[0.352s] Level 1:colcon.colcon_core.package_identification:_identify(nxp_gazebo/models/nxp_cupcar/meshes) by extension 'python_setup_py'
[0.352s] Level 1:colcon.colcon_core.package_identification:_identify(nxp_gazebo/models/nxp_raceway_overpass) by extensions ['ignore', 'ignore_ament_install']
[0.352s] Level 1:colcon.colcon_core.package_identification:_identify(nxp_gazebo/models/nxp_raceway_overpass) by extension 'ignore'
[0.352s] Level 1:colcon.colcon_core.package_identification:_identify(nxp_gazebo/models/nxp_raceway_overpass) by extension 'ignore_ament_install'
[0.352s] Level 1:colcon.colcon_core.package_identification:_identify(nxp_gazebo/models/nxp_raceway_overpass) by extensions ['colcon_pkg']
[0.352s] Level 1:colcon.colcon_core.package_identification:_identify(nxp_gazebo/models/nxp_raceway_overpass) by extension 'colcon_pkg'
[0.352s] Level 1:colcon.colcon_core.package_identification:_identify(nxp_gazebo/models/nxp_raceway_overpass) by extensions ['colcon_meta']
[0.352s] Level 1:colcon.colcon_core.package_identification:_identify(nxp_gazebo/models/nxp_raceway_overpass) by extension 'colcon_meta'
[0.352s] Level 1:colcon.colcon_core.package_identification:_identify(nxp_gazebo/models/nxp_raceway_overpass) by extensions ['ros']
[0.352s] Level 1:colcon.colcon_core.package_identification:_identify(nxp_gazebo/models/nxp_raceway_overpass) by extension 'ros'
[0.352s] Level 1:colcon.colcon_core.package_identification:_identify(nxp_gazebo/models/nxp_raceway_overpass) by extensions ['cmake', 'python']
[0.352s] Level 1:colcon.colcon_core.package_identification:_identify(nxp_gazebo/models/nxp_raceway_overpass) by extension 'cmake'
[0.352s] Level 1:colcon.colcon_core.package_identification:_identify(nxp_gazebo/models/nxp_raceway_overpass) by extension 'python'
[0.352s] Level 1:colcon.colcon_core.package_identification:_identify(nxp_gazebo/models/nxp_raceway_overpass) by extensions ['python_setup_py']
[0.352s] Level 1:colcon.colcon_core.package_identification:_identify(nxp_gazebo/models/nxp_raceway_overpass) by extension 'python_setup_py'
[0.352s] Level 1:colcon.colcon_core.package_identification:_identify(nxp_gazebo/models/nxp_raceway_overpass/meshes) by extensions ['ignore', 'ignore_ament_install']
[0.352s] Level 1:colcon.colcon_core.package_identification:_identify(nxp_gazebo/models/nxp_raceway_overpass/meshes) by extension 'ignore'
[0.352s] Level 1:colcon.colcon_core.package_identification:_identify(nxp_gazebo/models/nxp_raceway_overpass/meshes) by extension 'ignore_ament_install'
[0.352s] Level 1:colcon.colcon_core.package_identification:_identify(nxp_gazebo/models/nxp_raceway_overpass/meshes) by extensions ['colcon_pkg']
[0.352s] Level 1:colcon.colcon_core.package_identification:_identify(nxp_gazebo/models/nxp_raceway_overpass/meshes) by extension 'colcon_pkg'
[0.352s] Level 1:colcon.colcon_core.package_identification:_identify(nxp_gazebo/models/nxp_raceway_overpass/meshes) by extensions ['colcon_meta']
[0.353s] Level 1:colcon.colcon_core.package_identification:_identify(nxp_gazebo/models/nxp_raceway_overpass/meshes) by extension 'colcon_meta'
[0.353s] Level 1:colcon.colcon_core.package_identification:_identify(nxp_gazebo/models/nxp_raceway_overpass/meshes) by extensions ['ros']
[0.353s] Level 1:colcon.colcon_core.package_identification:_identify(nxp_gazebo/models/nxp_raceway_overpass/meshes) by extension 'ros'
[0.353s] Level 1:colcon.colcon_core.package_identification:_identify(nxp_gazebo/models/nxp_raceway_overpass/meshes) by extensions ['cmake', 'python']
[0.353s] Level 1:colcon.colcon_core.package_identification:_identify(nxp_gazebo/models/nxp_raceway_overpass/meshes) by extension 'cmake'
[0.353s] Level 1:colcon.colcon_core.package_identification:_identify(nxp_gazebo/models/nxp_raceway_overpass/meshes) by extension 'python'
[0.353s] Level 1:colcon.colcon_core.package_identification:_identify(nxp_gazebo/models/nxp_raceway_overpass/meshes) by extensions ['python_setup_py']
[0.353s] Level 1:colcon.colcon_core.package_identification:_identify(nxp_gazebo/models/nxp_raceway_overpass/meshes) by extension 'python_setup_py'
[0.353s] Level 1:colcon.colcon_core.package_identification:_identify(nxp_gazebo/models/pixy2_cmucam5) by extensions ['ignore', 'ignore_ament_install']
[0.353s] Level 1:colcon.colcon_core.package_identification:_identify(nxp_gazebo/models/pixy2_cmucam5) by extension 'ignore'
[0.353s] Level 1:colcon.colcon_core.package_identification:_identify(nxp_gazebo/models/pixy2_cmucam5) by extension 'ignore_ament_install'
[0.353s] Level 1:colcon.colcon_core.package_identification:_identify(nxp_gazebo/models/pixy2_cmucam5) by extensions ['colcon_pkg']
[0.353s] Level 1:colcon.colcon_core.package_identification:_identify(nxp_gazebo/models/pixy2_cmucam5) by extension 'colcon_pkg'
[0.353s] Level 1:colcon.colcon_core.package_identification:_identify(nxp_gazebo/models/pixy2_cmucam5) by extensions ['colcon_meta']
[0.353s] Level 1:colcon.colcon_core.package_identification:_identify(nxp_gazebo/models/pixy2_cmucam5) by extension 'colcon_meta'
[0.353s] Level 1:colcon.colcon_core.package_identification:_identify(nxp_gazebo/models/pixy2_cmucam5) by extensions ['ros']
[0.353s] Level 1:colcon.colcon_core.package_identification:_identify(nxp_gazebo/models/pixy2_cmucam5) by extension 'ros'
[0.353s] Level 1:colcon.colcon_core.package_identification:_identify(nxp_gazebo/models/pixy2_cmucam5) by extensions ['cmake', 'python']
[0.353s] Level 1:colcon.colcon_core.package_identification:_identify(nxp_gazebo/models/pixy2_cmucam5) by extension 'cmake'
[0.353s] Level 1:colcon.colcon_core.package_identification:_identify(nxp_gazebo/models/pixy2_cmucam5) by extension 'python'
[0.353s] Level 1:colcon.colcon_core.package_identification:_identify(nxp_gazebo/models/pixy2_cmucam5) by extensions ['python_setup_py']
[0.353s] Level 1:colcon.colcon_core.package_identification:_identify(nxp_gazebo/models/pixy2_cmucam5) by extension 'python_setup_py'
[0.353s] Level 1:colcon.colcon_core.package_identification:_identify(nxp_gazebo/models/pixy2_cmucam5/meshes) by extensions ['ignore', 'ignore_ament_install']
[0.354s] Level 1:colcon.colcon_core.package_identification:_identify(nxp_gazebo/models/pixy2_cmucam5/meshes) by extension 'ignore'
[0.354s] Level 1:colcon.colcon_core.package_identification:_identify(nxp_gazebo/models/pixy2_cmucam5/meshes) by extension 'ignore_ament_install'
[0.354s] Level 1:colcon.colcon_core.package_identification:_identify(nxp_gazebo/models/pixy2_cmucam5/meshes) by extensions ['colcon_pkg']
[0.354s] Level 1:colcon.colcon_core.package_identification:_identify(nxp_gazebo/models/pixy2_cmucam5/meshes) by extension 'colcon_pkg'
[0.354s] Level 1:colcon.colcon_core.package_identification:_identify(nxp_gazebo/models/pixy2_cmucam5/meshes) by extensions ['colcon_meta']
[0.354s] Level 1:colcon.colcon_core.package_identification:_identify(nxp_gazebo/models/pixy2_cmucam5/meshes) by extension 'colcon_meta'
[0.354s] Level 1:colcon.colcon_core.package_identification:_identify(nxp_gazebo/models/pixy2_cmucam5/meshes) by extensions ['ros']
[0.354s] Level 1:colcon.colcon_core.package_identification:_identify(nxp_gazebo/models/pixy2_cmucam5/meshes) by extension 'ros'
[0.354s] Level 1:colcon.colcon_core.package_identification:_identify(nxp_gazebo/models/pixy2_cmucam5/meshes) by extensions ['cmake', 'python']
[0.354s] Level 1:colcon.colcon_core.package_identification:_identify(nxp_gazebo/models/pixy2_cmucam5/meshes) by extension 'cmake'
[0.354s] Level 1:colcon.colcon_core.package_identification:_identify(nxp_gazebo/models/pixy2_cmucam5/meshes) by extension 'python'
[0.354s] Level 1:colcon.colcon_core.package_identification:_identify(nxp_gazebo/models/pixy2_cmucam5/meshes) by extensions ['python_setup_py']
[0.354s] Level 1:colcon.colcon_core.package_identification:_identify(nxp_gazebo/models/pixy2_cmucam5/meshes) by extension 'python_setup_py'
[0.354s] Level 1:colcon.colcon_core.package_identification:_identify(nxp_gazebo/models/start_point) by extensions ['ignore', 'ignore_ament_install']
[0.354s] Level 1:colcon.colcon_core.package_identification:_identify(nxp_gazebo/models/start_point) by extension 'ignore'
[0.354s] Level 1:colcon.colcon_core.package_identification:_identify(nxp_gazebo/models/start_point) by extension 'ignore_ament_install'
[0.354s] Level 1:colcon.colcon_core.package_identification:_identify(nxp_gazebo/models/start_point) by extensions ['colcon_pkg']
[0.354s] Level 1:colcon.colcon_core.package_identification:_identify(nxp_gazebo/models/start_point) by extension 'colcon_pkg'
[0.354s] Level 1:colcon.colcon_core.package_identification:_identify(nxp_gazebo/models/start_point) by extensions ['colcon_meta']
[0.354s] Level 1:colcon.colcon_core.package_identification:_identify(nxp_gazebo/models/start_point) by extension 'colcon_meta'
[0.354s] Level 1:colcon.colcon_core.package_identification:_identify(nxp_gazebo/models/start_point) by extensions ['ros']
[0.354s] Level 1:colcon.colcon_core.package_identification:_identify(nxp_gazebo/models/start_point) by extension 'ros'
[0.354s] Level 1:colcon.colcon_core.package_identification:_identify(nxp_gazebo/models/start_point) by extensions ['cmake', 'python']
[0.354s] Level 1:colcon.colcon_core.package_identification:_identify(nxp_gazebo/models/start_point) by extension 'cmake'
[0.354s] Level 1:colcon.colcon_core.package_identification:_identify(nxp_gazebo/models/start_point) by extension 'python'
[0.355s] Level 1:colcon.colcon_core.package_identification:_identify(nxp_gazebo/models/start_point) by extensions ['python_setup_py']
[0.355s] Level 1:colcon.colcon_core.package_identification:_identify(nxp_gazebo/models/start_point) by extension 'python_setup_py'
[0.355s] Level 1:colcon.colcon_core.package_identification:_identify(nxp_gazebo/models/start_point/materials) by extensions ['ignore', 'ignore_ament_install']
[0.355s] Level 1:colcon.colcon_core.package_identification:_identify(nxp_gazebo/models/start_point/materials) by extension 'ignore'
[0.355s] Level 1:colcon.colcon_core.package_identification:_identify(nxp_gazebo/models/start_point/materials) by extension 'ignore_ament_install'
[0.355s] Level 1:colcon.colcon_core.package_identification:_identify(nxp_gazebo/models/start_point/materials) by extensions ['colcon_pkg']
[0.355s] Level 1:colcon.colcon_core.package_identification:_identify(nxp_gazebo/models/start_point/materials) by extension 'colcon_pkg'
[0.355s] Level 1:colcon.colcon_core.package_identification:_identify(nxp_gazebo/models/start_point/materials) by extensions ['colcon_meta']
[0.355s] Level 1:colcon.colcon_core.package_identification:_identify(nxp_gazebo/models/start_point/materials) by extension 'colcon_meta'
[0.355s] Level 1:colcon.colcon_core.package_identification:_identify(nxp_gazebo/models/start_point/materials) by extensions ['ros']
[0.355s] Level 1:colcon.colcon_core.package_identification:_identify(nxp_gazebo/models/start_point/materials) by extension 'ros'
[0.355s] Level 1:colcon.colcon_core.package_identification:_identify(nxp_gazebo/models/start_point/materials) by extensions ['cmake', 'python']
[0.355s] Level 1:colcon.colcon_core.package_identification:_identify(nxp_gazebo/models/start_point/materials) by extension 'cmake'
[0.355s] Level 1:colcon.colcon_core.package_identification:_identify(nxp_gazebo/models/start_point/materials) by extension 'python'
[0.355s] Level 1:colcon.colcon_core.package_identification:_identify(nxp_gazebo/models/start_point/materials) by extensions ['python_setup_py']
[0.355s] Level 1:colcon.colcon_core.package_identification:_identify(nxp_gazebo/models/start_point/materials) by extension 'python_setup_py'
[0.355s] Level 1:colcon.colcon_core.package_identification:_identify(nxp_gazebo/models/start_point/materials/scripts) by extensions ['ignore', 'ignore_ament_install']
[0.355s] Level 1:colcon.colcon_core.package_identification:_identify(nxp_gazebo/models/start_point/materials/scripts) by extension 'ignore'
[0.355s] Level 1:colcon.colcon_core.package_identification:_identify(nxp_gazebo/models/start_point/materials/scripts) by extension 'ignore_ament_install'
[0.355s] Level 1:colcon.colcon_core.package_identification:_identify(nxp_gazebo/models/start_point/materials/scripts) by extensions ['colcon_pkg']
[0.355s] Level 1:colcon.colcon_core.package_identification:_identify(nxp_gazebo/models/start_point/materials/scripts) by extension 'colcon_pkg'
[0.355s] Level 1:colcon.colcon_core.package_identification:_identify(nxp_gazebo/models/start_point/materials/scripts) by extensions ['colcon_meta']
[0.355s] Level 1:colcon.colcon_core.package_identification:_identify(nxp_gazebo/models/start_point/materials/scripts) by extension 'colcon_meta'
[0.356s] Level 1:colcon.colcon_core.package_identification:_identify(nxp_gazebo/models/start_point/materials/scripts) by extensions ['ros']
[0.356s] Level 1:colcon.colcon_core.package_identification:_identify(nxp_gazebo/models/start_point/materials/scripts) by extension 'ros'
[0.356s] Level 1:colcon.colcon_core.package_identification:_identify(nxp_gazebo/models/start_point/materials/scripts) by extensions ['cmake', 'python']
[0.356s] Level 1:colcon.colcon_core.package_identification:_identify(nxp_gazebo/models/start_point/materials/scripts) by extension 'cmake'
[0.356s] Level 1:colcon.colcon_core.package_identification:_identify(nxp_gazebo/models/start_point/materials/scripts) by extension 'python'
[0.356s] Level 1:colcon.colcon_core.package_identification:_identify(nxp_gazebo/models/start_point/materials/scripts) by extensions ['python_setup_py']
[0.356s] Level 1:colcon.colcon_core.package_identification:_identify(nxp_gazebo/models/start_point/materials/scripts) by extension 'python_setup_py'
[0.356s] Level 1:colcon.colcon_core.package_identification:_identify(nxp_gazebo/models/start_point/materials/textures) by extensions ['ignore', 'ignore_ament_install']
[0.356s] Level 1:colcon.colcon_core.package_identification:_identify(nxp_gazebo/models/start_point/materials/textures) by extension 'ignore'
[0.356s] Level 1:colcon.colcon_core.package_identification:_identify(nxp_gazebo/models/start_point/materials/textures) by extension 'ignore_ament_install'
[0.356s] Level 1:colcon.colcon_core.package_identification:_identify(nxp_gazebo/models/start_point/materials/textures) by extensions ['colcon_pkg']
[0.356s] Level 1:colcon.colcon_core.package_identification:_identify(nxp_gazebo/models/start_point/materials/textures) by extension 'colcon_pkg'
[0.356s] Level 1:colcon.colcon_core.package_identification:_identify(nxp_gazebo/models/start_point/materials/textures) by extensions ['colcon_meta']
[0.356s] Level 1:colcon.colcon_core.package_identification:_identify(nxp_gazebo/models/start_point/materials/textures) by extension 'colcon_meta'
[0.356s] Level 1:colcon.colcon_core.package_identification:_identify(nxp_gazebo/models/start_point/materials/textures) by extensions ['ros']
[0.356s] Level 1:colcon.colcon_core.package_identification:_identify(nxp_gazebo/models/start_point/materials/textures) by extension 'ros'
[0.356s] Level 1:colcon.colcon_core.package_identification:_identify(nxp_gazebo/models/start_point/materials/textures) by extensions ['cmake', 'python']
[0.356s] Level 1:colcon.colcon_core.package_identification:_identify(nxp_gazebo/models/start_point/materials/textures) by extension 'cmake'
[0.356s] Level 1:colcon.colcon_core.package_identification:_identify(nxp_gazebo/models/start_point/materials/textures) by extension 'python'
[0.356s] Level 1:colcon.colcon_core.package_identification:_identify(nxp_gazebo/models/start_point/materials/textures) by extensions ['python_setup_py']
[0.356s] Level 1:colcon.colcon_core.package_identification:_identify(nxp_gazebo/models/start_point/materials/textures) by extension 'python_setup_py'
[0.356s] Level 1:colcon.colcon_core.package_identification:_identify(nxp_gazebo/scripts) by extensions ['ignore', 'ignore_ament_install']
[0.356s] Level 1:colcon.colcon_core.package_identification:_identify(nxp_gazebo/scripts) by extension 'ignore'
[0.357s] Level 1:colcon.colcon_core.package_identification:_identify(nxp_gazebo/scripts) by extension 'ignore_ament_install'
[0.357s] Level 1:colcon.colcon_core.package_identification:_identify(nxp_gazebo/scripts) by extensions ['colcon_pkg']
[0.357s] Level 1:colcon.colcon_core.package_identification:_identify(nxp_gazebo/scripts) by extension 'colcon_pkg'
[0.357s] Level 1:colcon.colcon_core.package_identification:_identify(nxp_gazebo/scripts) by extensions ['colcon_meta']
[0.357s] Level 1:colcon.colcon_core.package_identification:_identify(nxp_gazebo/scripts) by extension 'colcon_meta'
[0.357s] Level 1:colcon.colcon_core.package_identification:_identify(nxp_gazebo/scripts) by extensions ['ros']
[0.357s] Level 1:colcon.colcon_core.package_identification:_identify(nxp_gazebo/scripts) by extension 'ros'
[0.357s] Level 1:colcon.colcon_core.package_identification:_identify(nxp_gazebo/scripts) by extensions ['cmake', 'python']
[0.357s] Level 1:colcon.colcon_core.package_identification:_identify(nxp_gazebo/scripts) by extension 'cmake'
[0.357s] Level 1:colcon.colcon_core.package_identification:_identify(nxp_gazebo/scripts) by extension 'python'
[0.357s] Level 1:colcon.colcon_core.package_identification:_identify(nxp_gazebo/scripts) by extensions ['python_setup_py']
[0.357s] Level 1:colcon.colcon_core.package_identification:_identify(nxp_gazebo/scripts) by extension 'python_setup_py'
[0.357s] Level 1:colcon.colcon_core.package_identification:_identify(nxp_gazebo/worlds) by extensions ['ignore', 'ignore_ament_install']
[0.357s] Level 1:colcon.colcon_core.package_identification:_identify(nxp_gazebo/worlds) by extension 'ignore'
[0.357s] Level 1:colcon.colcon_core.package_identification:_identify(nxp_gazebo/worlds) by extension 'ignore_ament_install'
[0.357s] Level 1:colcon.colcon_core.package_identification:_identify(nxp_gazebo/worlds) by extensions ['colcon_pkg']
[0.357s] Level 1:colcon.colcon_core.package_identification:_identify(nxp_gazebo/worlds) by extension 'colcon_pkg'
[0.357s] Level 1:colcon.colcon_core.package_identification:_identify(nxp_gazebo/worlds) by extensions ['colcon_meta']
[0.357s] Level 1:colcon.colcon_core.package_identification:_identify(nxp_gazebo/worlds) by extension 'colcon_meta'
[0.357s] Level 1:colcon.colcon_core.package_identification:_identify(nxp_gazebo/worlds) by extensions ['ros']
[0.357s] Level 1:colcon.colcon_core.package_identification:_identify(nxp_gazebo/worlds) by extension 'ros'
[0.357s] Level 1:colcon.colcon_core.package_identification:_identify(nxp_gazebo/worlds) by extensions ['cmake', 'python']
[0.357s] Level 1:colcon.colcon_core.package_identification:_identify(nxp_gazebo/worlds) by extension 'cmake'
[0.357s] Level 1:colcon.colcon_core.package_identification:_identify(nxp_gazebo/worlds) by extension 'python'
[0.357s] Level 1:colcon.colcon_core.package_identification:_identify(nxp_gazebo/worlds) by extensions ['python_setup_py']
[0.357s] Level 1:colcon.colcon_core.package_identification:_identify(nxp_gazebo/worlds) by extension 'python_setup_py'
[0.358s] Level 1:colcon.colcon_core.package_identification:_identify(osrf) by extensions ['ignore', 'ignore_ament_install']
[0.358s] Level 1:colcon.colcon_core.package_identification:_identify(osrf) by extension 'ignore'
[0.358s] Level 1:colcon.colcon_core.package_identification:_identify(osrf) by extension 'ignore_ament_install'
[0.358s] Level 1:colcon.colcon_core.package_identification:_identify(osrf) by extensions ['colcon_pkg']
[0.358s] Level 1:colcon.colcon_core.package_identification:_identify(osrf) by extension 'colcon_pkg'
[0.358s] Level 1:colcon.colcon_core.package_identification:_identify(osrf) by extensions ['colcon_meta']
[0.358s] Level 1:colcon.colcon_core.package_identification:_identify(osrf) by extension 'colcon_meta'
[0.358s] Level 1:colcon.colcon_core.package_identification:_identify(osrf) by extensions ['ros']
[0.358s] Level 1:colcon.colcon_core.package_identification:_identify(osrf) by extension 'ros'
[0.358s] Level 1:colcon.colcon_core.package_identification:_identify(osrf) by extensions ['cmake', 'python']
[0.358s] Level 1:colcon.colcon_core.package_identification:_identify(osrf) by extension 'cmake'
[0.358s] Level 1:colcon.colcon_core.package_identification:_identify(osrf) by extension 'python'
[0.358s] Level 1:colcon.colcon_core.package_identification:_identify(osrf) by extensions ['python_setup_py']
[0.358s] Level 1:colcon.colcon_core.package_identification:_identify(osrf) by extension 'python_setup_py'
[0.358s] Level 1:colcon.colcon_core.package_identification:_identify(osrf/models) by extensions ['ignore', 'ignore_ament_install']
[0.358s] Level 1:colcon.colcon_core.package_identification:_identify(osrf/models) by extension 'ignore'
[0.358s] Level 1:colcon.colcon_core.package_identification:_identify(osrf/models) by extension 'ignore_ament_install'
[0.358s] Level 1:colcon.colcon_core.package_identification:_identify(osrf/models) by extensions ['colcon_pkg']
[0.358s] Level 1:colcon.colcon_core.package_identification:_identify(osrf/models) by extension 'colcon_pkg'
[0.359s] Level 1:colcon.colcon_core.package_identification:_identify(osrf/models) by extensions ['colcon_meta']
[0.359s] Level 1:colcon.colcon_core.package_identification:_identify(osrf/models) by extension 'colcon_meta'
[0.359s] Level 1:colcon.colcon_core.package_identification:_identify(osrf/models) by extensions ['ros']
[0.359s] Level 1:colcon.colcon_core.package_identification:_identify(osrf/models) by extension 'ros'
[0.359s] Level 1:colcon.colcon_core.package_identification:_identify(osrf/models) by extensions ['cmake', 'python']
[0.359s] Level 1:colcon.colcon_core.package_identification:_identify(osrf/models) by extension 'cmake'
[0.369s] Level 1:colcon.colcon_core.package_identification:_identify(osrf/models) by extension 'python'
[0.369s] DEBUG:colcon.colcon_core.package_identification:Package 'osrf/models' with type 'cmake' and name 'gazebo_models'
[0.369s] Level 1:colcon.colcon_core.package_identification:_identify(src) by extensions ['ignore', 'ignore_ament_install']
[0.369s] Level 1:colcon.colcon_core.package_identification:_identify(src) by extension 'ignore'
[0.369s] Level 1:colcon.colcon_core.package_identification:_identify(src) by extension 'ignore_ament_install'
[0.369s] Level 1:colcon.colcon_core.package_identification:_identify(src) by extensions ['colcon_pkg']
[0.369s] Level 1:colcon.colcon_core.package_identification:_identify(src) by extension 'colcon_pkg'
[0.369s] Level 1:colcon.colcon_core.package_identification:_identify(src) by extensions ['colcon_meta']
[0.369s] Level 1:colcon.colcon_core.package_identification:_identify(src) by extension 'colcon_meta'
[0.370s] Level 1:colcon.colcon_core.package_identification:_identify(src) by extensions ['ros']
[0.370s] Level 1:colcon.colcon_core.package_identification:_identify(src) by extension 'ros'
[0.370s] Level 1:colcon.colcon_core.package_identification:_identify(src) by extensions ['cmake', 'python']
[0.370s] Level 1:colcon.colcon_core.package_identification:_identify(src) by extension 'cmake'
[0.370s] Level 1:colcon.colcon_core.package_identification:_identify(src) by extension 'python'
[0.370s] Level 1:colcon.colcon_core.package_identification:_identify(src) by extensions ['python_setup_py']
[0.370s] Level 1:colcon.colcon_core.package_identification:_identify(src) by extension 'python_setup_py'
[0.370s] Level 1:colcon.colcon_core.package_identification:_identify(src/aim_line_follow) by extensions ['ignore', 'ignore_ament_install']
[0.370s] Level 1:colcon.colcon_core.package_identification:_identify(src/aim_line_follow) by extension 'ignore'
[0.370s] Level 1:colcon.colcon_core.package_identification:_identify(src/aim_line_follow) by extension 'ignore_ament_install'
[0.370s] Level 1:colcon.colcon_core.package_identification:_identify(src/aim_line_follow) by extensions ['colcon_pkg']
[0.370s] Level 1:colcon.colcon_core.package_identification:_identify(src/aim_line_follow) by extension 'colcon_pkg'
[0.370s] Level 1:colcon.colcon_core.package_identification:_identify(src/aim_line_follow) by extensions ['colcon_meta']
[0.370s] Level 1:colcon.colcon_core.package_identification:_identify(src/aim_line_follow) by extension 'colcon_meta'
[0.370s] Level 1:colcon.colcon_core.package_identification:_identify(src/aim_line_follow) by extensions ['ros']
[0.370s] Level 1:colcon.colcon_core.package_identification:_identify(src/aim_line_follow) by extension 'ros'
[0.372s] DEBUG:colcon.colcon_core.package_identification:Package 'src/aim_line_follow' with type 'ros.ament_python' and name 'aim_line_follow'
[0.372s] Level 1:colcon.colcon_core.package_identification:_identify(src/nxp_cup_interfaces) by extensions ['ignore', 'ignore_ament_install']
[0.372s] Level 1:colcon.colcon_core.package_identification:_identify(src/nxp_cup_interfaces) by extension 'ignore'
[0.372s] Level 1:colcon.colcon_core.package_identification:_identify(src/nxp_cup_interfaces) by extension 'ignore_ament_install'
[0.372s] Level 1:colcon.colcon_core.package_identification:_identify(src/nxp_cup_interfaces) by extensions ['colcon_pkg']
[0.372s] Level 1:colcon.colcon_core.package_identification:_identify(src/nxp_cup_interfaces) by extension 'colcon_pkg'
[0.372s] Level 1:colcon.colcon_core.package_identification:_identify(src/nxp_cup_interfaces) by extensions ['colcon_meta']
[0.372s] Level 1:colcon.colcon_core.package_identification:_identify(src/nxp_cup_interfaces) by extension 'colcon_meta'
[0.372s] Level 1:colcon.colcon_core.package_identification:_identify(src/nxp_cup_interfaces) by extensions ['ros']
[0.372s] Level 1:colcon.colcon_core.package_identification:_identify(src/nxp_cup_interfaces) by extension 'ros'
[0.373s] DEBUG:colcon.colcon_core.package_identification:Package 'src/nxp_cup_interfaces' with type 'ros.ament_cmake' and name 'nxp_cup_interfaces'
[0.373s] Level 1:colcon.colcon_core.package_identification:_identify(src/nxp_cup_vision) by extensions ['ignore', 'ignore_ament_install']
[0.373s] Level 1:colcon.colcon_core.package_identification:_identify(src/nxp_cup_vision) by extension 'ignore'
[0.373s] Level 1:colcon.colcon_core.package_identification:_identify(src/nxp_cup_vision) by extension 'ignore_ament_install'
[0.373s] Level 1:colcon.colcon_core.package_identification:_identify(src/nxp_cup_vision) by extensions ['colcon_pkg']
[0.373s] Level 1:colcon.colcon_core.package_identification:_identify(src/nxp_cup_vision) by extension 'colcon_pkg'
[0.373s] Level 1:colcon.colcon_core.package_identification:_identify(src/nxp_cup_vision) by extensions ['colcon_meta']
[0.373s] Level 1:colcon.colcon_core.package_identification:_identify(src/nxp_cup_vision) by extension 'colcon_meta'
[0.373s] Level 1:colcon.colcon_core.package_identification:_identify(src/nxp_cup_vision) by extensions ['ros']
[0.373s] Level 1:colcon.colcon_core.package_identification:_identify(src/nxp_cup_vision) by extension 'ros'
[0.374s] DEBUG:colcon.colcon_core.package_identification:Package 'src/nxp_cup_vision' with type 'ros.ament_python' and name 'nxp_cup_vision'
[0.374s] Level 1:colcon.colcon_core.package_identification:_identify(src/sim_gazebo_bringup) by extensions ['ignore', 'ignore_ament_install']
[0.374s] Level 1:colcon.colcon_core.package_identification:_identify(src/sim_gazebo_bringup) by extension 'ignore'
[0.374s] Level 1:colcon.colcon_core.package_identification:_identify(src/sim_gazebo_bringup) by extension 'ignore_ament_install'
[0.374s] Level 1:colcon.colcon_core.package_identification:_identify(src/sim_gazebo_bringup) by extensions ['colcon_pkg']
[0.374s] Level 1:colcon.colcon_core.package_identification:_identify(src/sim_gazebo_bringup) by extension 'colcon_pkg'
[0.374s] Level 1:colcon.colcon_core.package_identification:_identify(src/sim_gazebo_bringup) by extensions ['colcon_meta']
[0.374s] Level 1:colcon.colcon_core.package_identification:_identify(src/sim_gazebo_bringup) by extension 'colcon_meta'
[0.374s] Level 1:colcon.colcon_core.package_identification:_identify(src/sim_gazebo_bringup) by extensions ['ros']
[0.374s] Level 1:colcon.colcon_core.package_identification:_identify(src/sim_gazebo_bringup) by extension 'ros'
[0.375s] DEBUG:colcon.colcon_core.package_identification:Package 'src/sim_gazebo_bringup' with type 'ros.ament_cmake' and name 'sim_gazebo_bringup'
[0.375s] Level 1:colcon.colcon_core.package_discovery:discover_packages(recursive) using defaults
[0.375s] Level 1:colcon.colcon_core.package_discovery:discover_packages(ignore) discover
[0.375s] Level 1:colcon.colcon_core.package_discovery:discover_packages(ignore) using defaults
[0.376s] Level 1:colcon.colcon_core.package_discovery:discover_packages(path) discover
[0.376s] Level 1:colcon.colcon_core.package_discovery:discover_packages(path) using defaults
[0.395s] INFO:colcon.colcon_core.package_selection:Skipping not selected package 'gazebo_models' in 'osrf/models'
[0.395s] INFO:colcon.colcon_core.package_selection:Skipping not selected package 'nxp_cup_interfaces' in 'src/nxp_cup_interfaces'
[0.395s] INFO:colcon.colcon_core.package_selection:Skipping not selected package 'sim_gazebo_bringup' in 'src/sim_gazebo_bringup'
[0.395s] INFO:colcon.colcon_core.package_selection:Skipping not selected package 'nxp_cup_vision' in 'src/nxp_cup_vision'
[0.395s] Level 1:colcon.colcon_core.package_discovery:discover_packages(prefix_path) check parameters
[0.395s] Level 1:colcon.colcon_core.package_discovery:discover_packages(prefix_path) discover
[0.398s] DEBUG:colcon.colcon_installed_package_information.package_discovery:Found 3 installed packages in /home/trish/ros2ws/install
[0.399s] DEBUG:colcon.colcon_installed_package_information.package_discovery:Found 300 installed packages in /opt/ros/foxy
[0.401s] Level 1:colcon.colcon_core.package_discovery:discover_packages(prefix_path) using defaults
[0.462s] Level 5:colcon.colcon_core.verb:set package 'aim_line_follow' build argument 'cmake_args' from command line to 'None'
[0.462s] Level 5:colcon.colcon_core.verb:set package 'aim_line_follow' build argument 'cmake_target' from command line to 'None'
[0.462s] Level 5:colcon.colcon_core.verb:set package 'aim_line_follow' build argument 'cmake_target_skip_unavailable' from command line to 'False'
[0.462s] Level 5:colcon.colcon_core.verb:set package 'aim_line_follow' build argument 'cmake_clean_cache' from command line to 'False'
[0.462s] Level 5:colcon.colcon_core.verb:set package 'aim_line_follow' build argument 'cmake_clean_first' from command line to 'False'
[0.462s] Level 5:colcon.colcon_core.verb:set package 'aim_line_follow' build argument 'cmake_force_configure' from command line to 'False'
[0.462s] Level 5:colcon.colcon_core.verb:set package 'aim_line_follow' build argument 'ament_cmake_args' from command line to 'None'
[0.462s] Level 5:colcon.colcon_core.verb:set package 'aim_line_follow' build argument 'catkin_cmake_args' from command line to 'None'
[0.462s] Level 5:colcon.colcon_core.verb:set package 'aim_line_follow' build argument 'catkin_skip_building_tests' from command line to 'False'
[0.462s] DEBUG:colcon.colcon_core.verb:Building package 'aim_line_follow' with the following arguments: {'ament_cmake_args': None, 'build_base': '/home/trish/ros2ws/build/aim_line_follow', 'catkin_cmake_args': None, 'catkin_skip_building_tests': False, 'cmake_args': None, 'cmake_clean_cache': False, 'cmake_clean_first': False, 'cmake_force_configure': False, 'cmake_target': None, 'cmake_target_skip_unavailable': False, 'install_base': '/home/trish/ros2ws/install/aim_line_follow', 'merge_install': False, 'path': '/home/trish/ros2ws/src/aim_line_follow', 'symlink_install': True, 'test_result_base': None}
[0.463s] INFO:colcon.colcon_core.executor:Executing jobs using 'parallel' executor
[0.467s] DEBUG:colcon.colcon_parallel_executor.executor.parallel:run_until_complete
[0.467s] INFO:colcon.colcon_ros.task.ament_python.build:Building ROS package in '/home/trish/ros2ws/src/aim_line_follow' with build type 'ament_python'
[0.467s] Level 1:colcon.colcon_core.shell:create_environment_hook('aim_line_follow', 'ament_prefix_path')
[0.471s] INFO:colcon.colcon_core.plugin_system:Skipping extension 'colcon_core.shell.bat': Not used on non-Windows systems
[0.471s] INFO:colcon.colcon_core.shell:Creating environment hook '/home/trish/ros2ws/install/aim_line_follow/share/aim_line_follow/hook/ament_prefix_path.ps1'
[0.472s] INFO:colcon.colcon_core.shell:Creating environment descriptor '/home/trish/ros2ws/install/aim_line_follow/share/aim_line_follow/hook/ament_prefix_path.dsv'
[0.472s] INFO:colcon.colcon_core.shell:Creating environment hook '/home/trish/ros2ws/install/aim_line_follow/share/aim_line_follow/hook/ament_prefix_path.sh'
[0.474s] INFO:colcon.colcon_core.shell:Skip shell extension 'powershell' for command environment: Not usable outside of PowerShell
[0.474s] DEBUG:colcon.colcon_core.shell:Skip shell extension 'dsv' for command environment
[0.758s] INFO:colcon.colcon_core.task.python.build:Building Python package in '/home/trish/ros2ws/src/aim_line_follow'
[0.760s] INFO:colcon.colcon_core.shell:Skip shell extension 'powershell' for command environment: Not usable outside of PowerShell
[0.760s] DEBUG:colcon.colcon_core.shell:Skip shell extension 'dsv' for command environment
[1.256s] DEBUG:colcon.colcon_core.event_handler.log_command:Invoking command in '/home/trish/ros2ws/build/aim_line_follow': AMENT_PREFIX_PATH=/home/trish/ros2ws/install/nxp_cup_interfaces:${AMENT_PREFIX_PATH} CMAKE_PREFIX_PATH=/home/trish/ros2ws/install/nxp_cup_interfaces:${CMAKE_PREFIX_PATH} LD_LIBRARY_PATH=/home/trish/ros2ws/install/nxp_cup_interfaces/lib:${LD_LIBRARY_PATH} PYTHONPATH=/home/trish/ros2ws/install/aim_line_follow/lib/python3.8/site-packages:/home/trish/ros2ws/install/nxp_cup_interfaces/lib/python3.8/site-packages:${PYTHONPATH} /usr/bin/python3 setup.py develop --prefix /home/trish/ros2ws/install/aim_line_follow --editable --build-directory /home/trish/ros2ws/build/aim_line_follow/build --no-deps install_data --install-dir /home/trish/ros2ws/install/aim_line_follow
[1.813s] Level 1:colcon.colcon_core.shell:create_environment_hook('aim_line_follow', 'pythonpath_develop')
[1.815s] INFO:colcon.colcon_core.shell:Creating environment hook '/home/trish/ros2ws/build/aim_line_follow/share/aim_line_follow/hook/pythonpath_develop.ps1'
[1.815s] DEBUG:colcon.colcon_core.event_handler.log_command:Invoked command in '/home/trish/ros2ws/build/aim_line_follow' returned '0': AMENT_PREFIX_PATH=/home/trish/ros2ws/install/nxp_cup_interfaces:${AMENT_PREFIX_PATH} CMAKE_PREFIX_PATH=/home/trish/ros2ws/install/nxp_cup_interfaces:${CMAKE_PREFIX_PATH} LD_LIBRARY_PATH=/home/trish/ros2ws/install/nxp_cup_interfaces/lib:${LD_LIBRARY_PATH} PYTHONPATH=/home/trish/ros2ws/install/aim_line_follow/lib/python3.8/site-packages:/home/trish/ros2ws/install/nxp_cup_interfaces/lib/python3.8/site-packages:${PYTHONPATH} /usr/bin/python3 setup.py develop --prefix /home/trish/ros2ws/install/aim_line_follow --editable --build-directory /home/trish/ros2ws/build/aim_line_follow/build --no-deps install_data --install-dir /home/trish/ros2ws/install/aim_line_follow
[1.816s] INFO:colcon.colcon_core.shell:Creating environment descriptor '/home/trish/ros2ws/build/aim_line_follow/share/aim_line_follow/hook/pythonpath_develop.dsv'
[1.816s] INFO:colcon.colcon_core.shell:Creating environment hook '/home/trish/ros2ws/build/aim_line_follow/share/aim_line_follow/hook/pythonpath_develop.sh'
[1.821s] Level 1:colcon.colcon_core.environment:checking '/home/trish/ros2ws/install/aim_line_follow' for CMake module files
[1.821s] Level 1:colcon.colcon_core.environment:checking '/home/trish/ros2ws/install/aim_line_follow' for CMake config files
[1.822s] Level 1:colcon.colcon_core.environment:checking '/home/trish/ros2ws/install/aim_line_follow/lib'
[1.822s] Level 1:colcon.colcon_core.environment:checking '/home/trish/ros2ws/install/aim_line_follow/bin'
[1.822s] Level 1:colcon.colcon_core.environment:checking '/home/trish/ros2ws/install/aim_line_follow/lib/pkgconfig/aim_line_follow.pc'
[1.822s] Level 1:colcon.colcon_core.environment:checking '/home/trish/ros2ws/install/aim_line_follow/lib/python3.8/site-packages'
[1.823s] Level 1:colcon.colcon_core.shell:create_environment_hook('aim_line_follow', 'pythonpath')
[1.824s] INFO:colcon.colcon_core.shell:Creating environment hook '/home/trish/ros2ws/install/aim_line_follow/share/aim_line_follow/hook/pythonpath.ps1'
[1.824s] INFO:colcon.colcon_core.shell:Creating environment descriptor '/home/trish/ros2ws/install/aim_line_follow/share/aim_line_follow/hook/pythonpath.dsv'
[1.825s] INFO:colcon.colcon_core.shell:Creating environment hook '/home/trish/ros2ws/install/aim_line_follow/share/aim_line_follow/hook/pythonpath.sh'
[1.825s] Level 1:colcon.colcon_core.environment:checking '/home/trish/ros2ws/install/aim_line_follow/bin'
[1.825s] Level 1:colcon.colcon_core.environment:create_environment_scripts_only(aim_line_follow)
[1.827s] INFO:colcon.colcon_core.shell:Creating package script '/home/trish/ros2ws/install/aim_line_follow/share/aim_line_follow/package.ps1'
[1.827s] INFO:colcon.colcon_core.shell:Creating package descriptor '/home/trish/ros2ws/install/aim_line_follow/share/aim_line_follow/package.dsv'
[1.828s] INFO:colcon.colcon_core.shell:Creating package script '/home/trish/ros2ws/install/aim_line_follow/share/aim_line_follow/package.sh'
[1.829s] INFO:colcon.colcon_core.shell:Creating package script '/home/trish/ros2ws/install/aim_line_follow/share/aim_line_follow/package.bash'
[1.829s] INFO:colcon.colcon_core.shell:Creating package script '/home/trish/ros2ws/install/aim_line_follow/share/aim_line_follow/package.zsh'
[1.830s] Level 1:colcon.colcon_core.environment:create_file_with_runtime_dependencies(/home/trish/ros2ws/install/aim_line_follow/share/colcon-core/packages/aim_line_follow)
[1.830s] DEBUG:colcon.colcon_parallel_executor.executor.parallel:closing loop
[1.830s] DEBUG:colcon.colcon_parallel_executor.executor.parallel:loop closed
[1.831s] DEBUG:colcon.colcon_parallel_executor.executor.parallel:run_until_complete finished with '0'
[1.831s] DEBUG:colcon.colcon_core.event_reactor:joining thread
[1.836s] INFO:colcon.colcon_core.plugin_system:Skipping extension 'colcon_notification.desktop_notification.terminal_notifier': Not used on non-Darwin systems
[1.836s] INFO:colcon.colcon_core.plugin_system:Skipping extension 'colcon_notification.desktop_notification.win32': Not used on non-Windows systems
[1.837s] INFO:colcon.colcon_notification.desktop_notification:Sending desktop notification using 'notify2'
[1.845s] DEBUG:colcon.colcon_core.event_reactor:joined thread
[1.847s] INFO:colcon.colcon_core.shell:Creating prefix script '/home/trish/ros2ws/install/local_setup.ps1'
[1.848s] INFO:colcon.colcon_core.shell:Creating prefix util module '/home/trish/ros2ws/install/_local_setup_util_ps1.py'
[1.849s] INFO:colcon.colcon_core.shell:Creating prefix chain script '/home/trish/ros2ws/install/setup.ps1'
[1.850s] INFO:colcon.colcon_core.shell:Creating prefix script '/home/trish/ros2ws/install/local_setup.sh'
[1.851s] INFO:colcon.colcon_core.shell:Creating prefix util module '/home/trish/ros2ws/install/_local_setup_util_sh.py'
[1.851s] INFO:colcon.colcon_core.shell:Creating prefix chain script '/home/trish/ros2ws/install/setup.sh'
[1.853s] INFO:colcon.colcon_core.shell:Creating prefix script '/home/trish/ros2ws/install/local_setup.bash'
[1.853s] INFO:colcon.colcon_core.shell:Creating prefix chain script '/home/trish/ros2ws/install/setup.bash'
[1.854s] INFO:colcon.colcon_core.shell:Creating prefix script '/home/trish/ros2ws/install/local_setup.zsh'
[1.854s] INFO:colcon.colcon_core.shell:Creating prefix chain script '/home/trish/ros2ws/install/setup.zsh'
