[0.788s] Invoking command in '/home/trish/ros2ws/build/aim_line_follow': AMENT_PREFIX_PATH=/home/trish/ros2ws/install/nxp_cup_interfaces:${AMENT_PREFIX_PATH} CMAKE_PREFIX_PATH=/home/trish/ros2ws/install/nxp_cup_interfaces:${CMAKE_PREFIX_PATH} LD_LIBRARY_PATH=/home/trish/ros2ws/install/nxp_cup_interfaces/lib:${LD_LIBRARY_PATH} PYTHONPATH=/home/trish/ros2ws/install/aim_line_follow/lib/python3.8/site-packages:/home/trish/ros2ws/install/nxp_cup_interfaces/lib/python3.8/site-packages:${PYTHONPATH} /usr/bin/python3 setup.py develop --prefix /home/trish/ros2ws/install/aim_line_follow --editable --build-directory /home/trish/ros2ws/build/aim_line_follow/build --no-deps install_data --install-dir /home/trish/ros2ws/install/aim_line_follow
[1.069s] running develop
[1.232s] running egg_info
[1.232s] creating aim_line_follow.egg-info
[1.241s] writing aim_line_follow.egg-info/PKG-INFO
[1.241s] writing dependency_links to aim_line_follow.egg-info/dependency_links.txt
[1.241s] writing entry points to aim_line_follow.egg-info/entry_points.txt
[1.241s] writing requirements to aim_line_follow.egg-info/requires.txt
[1.241s] writing top-level names to aim_line_follow.egg-info/top_level.txt
[1.242s] writing manifest file 'aim_line_follow.egg-info/SOURCES.txt'
[1.261s] reading manifest file 'aim_line_follow.egg-info/SOURCES.txt'
[1.261s] writing manifest file 'aim_line_follow.egg-info/SOURCES.txt'
[1.303s] running build_ext
[1.303s] Creating /home/trish/ros2ws/install/aim_line_follow/lib/python3.8/site-packages/aim-line-follow.egg-link (link to .)
[1.304s] Installing line_follower script to /home/trish/ros2ws/install/aim_line_follow/lib/aim_line_follow
[1.304s] 
[1.304s] Installed /home/trish/ros2ws/build/aim_line_follow
[1.304s] running install_data
[1.304s] creating /home/trish/ros2ws/install/aim_line_follow/share/ament_index
[1.304s] creating /home/trish/ros2ws/install/aim_line_follow/share/ament_index/resource_index
[1.304s] creating /home/trish/ros2ws/install/aim_line_follow/share/ament_index/resource_index/packages
[1.304s] copying resource/aim_line_follow -> /home/trish/ros2ws/install/aim_line_follow/share/ament_index/resource_index/packages
[1.305s] copying package.xml -> /home/trish/ros2ws/install/aim_line_follow/share/aim_line_follow
[1.305s] /home/trish/.local/lib/python3.8/site-packages/setuptools/command/easy_install.py:144: EasyInstallDeprecationWarning: easy_install command is deprecated. Use build and pip and other standards-based tools.
[1.305s]   warnings.warn(
[1.305s] /home/trish/.local/lib/python3.8/site-packages/setuptools/command/install.py:34: SetuptoolsDeprecationWarning: setup.py install is deprecated. Use build and pip and other standards-based tools.
[1.305s]   warnings.warn(
[1.305s] /home/trish/.local/lib/python3.8/site-packages/pkg_resources/__init__.py:123: PkgResourcesDeprecationWarning: 0.1.36ubuntu1 is an invalid version and will not be supported in a future release
[1.305s]   warnings.warn(
[1.305s] /home/trish/.local/lib/python3.8/site-packages/pkg_resources/__init__.py:123: PkgResourcesDeprecationWarning: 0.23ubuntu1 is an invalid version and will not be supported in a future release
[1.305s]   warnings.warn(
[1.348s] Invoked command in '/home/trish/ros2ws/build/aim_line_follow' returned '0': AMENT_PREFIX_PATH=/home/trish/ros2ws/install/nxp_cup_interfaces:${AMENT_PREFIX_PATH} CMAKE_PREFIX_PATH=/home/trish/ros2ws/install/nxp_cup_interfaces:${CMAKE_PREFIX_PATH} LD_LIBRARY_PATH=/home/trish/ros2ws/install/nxp_cup_interfaces/lib:${LD_LIBRARY_PATH} PYTHONPATH=/home/trish/ros2ws/install/aim_line_follow/lib/python3.8/site-packages:/home/trish/ros2ws/install/nxp_cup_interfaces/lib/python3.8/site-packages:${PYTHONPATH} /usr/bin/python3 setup.py develop --prefix /home/trish/ros2ws/install/aim_line_follow --editable --build-directory /home/trish/ros2ws/build/aim_line_follow/build --no-deps install_data --install-dir /home/trish/ros2ws/install/aim_line_follow
